#
# There is insufficient memory for the Java Runtime Environment to continue.
# Native memory allocation (mmap) failed to map 73400320 bytes for G1 virtual space
# Possible reasons:
#   The system is out of physical RAM or swap space
#   The process is running with CompressedOops enabled, and the Java Heap may be blocking the growth of the native heap
# Possible solutions:
#   Reduce memory load on the system
#   Increase physical memory or swap space
#   Check if swap backing store is full
#   Decrease Java heap size (-Xmx/-Xms)
#   Decrease number of Java threads
#   Decrease Java thread stack sizes (-Xss)
#   Set larger code cache with -XX:ReservedCodeCacheSize=
#   JVM is running with Unscaled Compressed Oops mode in which the Java heap is
#     placed in the first 4GB address space. The Java Heap base address is the
#     maximum limit for the native heap growth. Please use -XX:HeapBaseMinAddress
#     to set the Java Heap base and to place the Java Heap above 4GB virtual address.
# This output file may be truncated or incomplete.
#
#  Out of Memory Error (os_windows.cpp:3825), pid=39644, tid=18616
#
# JRE version: OpenJDK Runtime Environment (17.0.10) (build 17.0.10+0--11572160)
# Java VM: OpenJDK 64-Bit Server VM (17.0.10+0--11572160, mixed mode, tiered, compressed oops, compressed class ptrs, g1 gc, windows-amd64)
# No core dump will be written. Minidumps are not enabled by default on client versions of Windows
#

---------------  S U M M A R Y ------------

Command Line: --add-opens=java.base/java.util=ALL-UNNAMED --add-opens=java.base/java.lang=ALL-UNNAMED --add-opens=java.base/java.lang.invoke=ALL-UNNAMED --add-opens=java.prefs/java.util.prefs=ALL-UNNAMED --add-opens=java.base/java.nio.charset=ALL-UNNAMED --add-opens=java.base/java.net=ALL-UNNAMED --add-opens=java.base/java.util.concurrent.atomic=ALL-UNNAMED -Xmx2048m -Dfile.encoding=UTF-8 -Duser.country=MX -Duser.language=es -Duser.variant -javaagent:C:\Users\jonna\.gradle\wrapper\dists\gradle-8.7-bin\bhs2wmbdwecv87pi65oeuq5iu\gradle-8.7\lib\agents\gradle-instrumentation-agent-8.7.jar org.gradle.launcher.daemon.bootstrap.GradleDaemon 8.7

Host: AMD Ryzen 5 4500U with Radeon Graphics         , 6 cores, 7G,  Windows 11 , 64 bit Build 22621 (10.0.22621.4391)
Time: Sat Nov  9 08:53:27 2024 Hora est. Pacífico, Sudamérica elapsed time: 12.283976 seconds (0d 0h 0m 12s)

---------------  T H R E A D  ---------------

Current thread (0x0000020f3d6232c0):  VMThread "VM Thread" [stack: 0x000000b782e00000,0x000000b782f00000] [id=18616]

Stack: [0x000000b782e00000,0x000000b782f00000]
Native frames: (J=compiled Java code, j=interpreted, Vv=VM code, C=native code)
V  [jvm.dll+0x688e89]
V  [jvm.dll+0x84247a]
V  [jvm.dll+0x8440be]
V  [jvm.dll+0x844723]
V  [jvm.dll+0x24be0f]
V  [jvm.dll+0x685c59]
V  [jvm.dll+0x67a50a]
V  [jvm.dll+0x30cbab]
V  [jvm.dll+0x314056]
V  [jvm.dll+0x363dce]
V  [jvm.dll+0x363fff]
V  [jvm.dll+0x2e2978]
V  [jvm.dll+0x2e0b54]
V  [jvm.dll+0x2e015c]
V  [jvm.dll+0x32502b]
V  [jvm.dll+0x848e1b]
V  [jvm.dll+0x849b61]
V  [jvm.dll+0x84a07d]
V  [jvm.dll+0x84a454]
V  [jvm.dll+0x84a520]
V  [jvm.dll+0x7f0d1a]
V  [jvm.dll+0x687d05]
C  [ucrtbase.dll+0x29333]
C  [KERNEL32.DLL+0x1259d]
C  [ntdll.dll+0x5af38]

VM_Operation (0x000000b7845f1d80): G1CollectForAllocation, mode: safepoint, requested by thread 0x0000020f439fc650


---------------  P R O C E S S  ---------------

Threads class SMR info:
_java_thread_list=0x0000020f457b77c0, length=44, elements={
0x0000020f23c0b620, 0x0000020f3d645010, 0x0000020f3d645e90, 0x0000020f3d633110,
0x0000020f3d8c1610, 0x0000020f3d8c1fd0, 0x0000020f3d8c2990, 0x0000020f3d8c3730,
0x0000020f3d8cfc00, 0x0000020f3d8d0120, 0x0000020f3da3db50, 0x0000020f3db7ab30,
0x0000020f42d99ad0, 0x0000020f4306f020, 0x0000020f437ce770, 0x0000020f43521a90,
0x0000020f436c4060, 0x0000020f439d49d0, 0x0000020f439fc650, 0x0000020f43b9deb0,
0x0000020f43b9f2f0, 0x0000020f43ba0730, 0x0000020f43b9e3c0, 0x0000020f43ba0220,
0x0000020f43b9f800, 0x0000020f43b9e8d0, 0x0000020f43b9d9a0, 0x0000020f43b9ede0,
0x0000020f43b9fd10, 0x0000020f43b9d490, 0x0000020f42bf69f0, 0x0000020f42bf7410,
0x0000020f42bf2d30, 0x0000020f42bf4680, 0x0000020f42bf5ac0, 0x0000020f42bf3750,
0x0000020f42bf3c60, 0x0000020f42bf4170, 0x0000020f42bf6f00, 0x0000020f42bf4b90,
0x0000020f42bf09c0, 0x0000020f42bf64e0, 0x0000020f42bf2310, 0x0000020f42bf0ed0
}

Java Threads: ( => current thread )
  0x0000020f23c0b620 JavaThread "main" [_thread_blocked, id=38868, stack(0x000000b782800000,0x000000b782900000)]
  0x0000020f3d645010 JavaThread "Reference Handler" daemon [_thread_blocked, id=11228, stack(0x000000b782f00000,0x000000b783000000)]
  0x0000020f3d645e90 JavaThread "Finalizer" daemon [_thread_blocked, id=5164, stack(0x000000b783000000,0x000000b783100000)]
  0x0000020f3d633110 JavaThread "Signal Dispatcher" daemon [_thread_blocked, id=38648, stack(0x000000b783100000,0x000000b783200000)]
  0x0000020f3d8c1610 JavaThread "Attach Listener" daemon [_thread_blocked, id=35708, stack(0x000000b783200000,0x000000b783300000)]
  0x0000020f3d8c1fd0 JavaThread "Service Thread" daemon [_thread_blocked, id=22844, stack(0x000000b783300000,0x000000b783400000)]
  0x0000020f3d8c2990 JavaThread "Monitor Deflation Thread" daemon [_thread_blocked, id=2084, stack(0x000000b783400000,0x000000b783500000)]
  0x0000020f3d8c3730 JavaThread "C2 CompilerThread0" daemon [_thread_blocked, id=16108, stack(0x000000b783500000,0x000000b783600000)]
  0x0000020f3d8cfc00 JavaThread "C1 CompilerThread0" daemon [_thread_blocked, id=29516, stack(0x000000b783600000,0x000000b783700000)]
  0x0000020f3d8d0120 JavaThread "Sweeper thread" daemon [_thread_blocked, id=38020, stack(0x000000b783700000,0x000000b783800000)]
  0x0000020f3da3db50 JavaThread "Common-Cleaner" daemon [_thread_blocked, id=4168, stack(0x000000b783800000,0x000000b783900000)]
  0x0000020f3db7ab30 JavaThread "Notification Thread" daemon [_thread_blocked, id=32196, stack(0x000000b783900000,0x000000b783a00000)]
  0x0000020f42d99ad0 JavaThread "Daemon health stats" [_thread_blocked, id=40472, stack(0x000000b783f00000,0x000000b784000000)]
  0x0000020f4306f020 JavaThread "Incoming local TCP Connector on port 56807" [_thread_in_native, id=31868, stack(0x000000b784000000,0x000000b784100000)]
  0x0000020f437ce770 JavaThread "Daemon periodic checks" [_thread_blocked, id=34060, stack(0x000000b784100000,0x000000b784200000)]
  0x0000020f43521a90 JavaThread "Daemon" [_thread_blocked, id=12356, stack(0x000000b784200000,0x000000b784300000)]
  0x0000020f436c4060 JavaThread "Handler for socket connection from /127.0.0.1:56807 to /127.0.0.1:56809" [_thread_in_native, id=17140, stack(0x000000b784300000,0x000000b784400000)]
  0x0000020f439d49d0 JavaThread "Cancel handler" [_thread_blocked, id=38552, stack(0x000000b784400000,0x000000b784500000)]
  0x0000020f439fc650 JavaThread "Daemon worker" [_thread_blocked, id=3220, stack(0x000000b784500000,0x000000b784600000)]
  0x0000020f43b9deb0 JavaThread "Asynchronous log dispatcher for DefaultDaemonConnection: socket connection from /127.0.0.1:56807 to /127.0.0.1:56809" [_thread_blocked, id=9484, stack(0x000000b784600000,0x000000b784700000)]
  0x0000020f43b9f2f0 JavaThread "Stdin handler" [_thread_blocked, id=25192, stack(0x000000b784700000,0x000000b784800000)]
  0x0000020f43ba0730 JavaThread "Daemon client event forwarder" [_thread_blocked, id=22788, stack(0x000000b784800000,0x000000b784900000)]
  0x0000020f43b9e3c0 JavaThread "Cache worker for journal cache (C:\Users\jonna\.gradle\caches\journal-1)" [_thread_blocked, id=23740, stack(0x000000b784b00000,0x000000b784c00000)]
  0x0000020f43ba0220 JavaThread "File lock request listener" [_thread_in_native, id=8952, stack(0x000000b784c00000,0x000000b784d00000)]
  0x0000020f43b9f800 JavaThread "Cache worker for file hash cache (C:\Users\jonna\.gradle\caches\8.7\fileHashes)" [_thread_blocked, id=13760, stack(0x000000b784d00000,0x000000b784e00000)]
  0x0000020f43b9e8d0 JavaThread "Cache worker for file hash cache (C:\Users\jonna\AndroidStudioProjects\MyApplication3\.gradle\8.7\fileHashes)" [_thread_blocked, id=34252, stack(0x000000b784e00000,0x000000b784f00000)]
  0x0000020f43b9d9a0 JavaThread "File watcher server" daemon [_thread_blocked, id=21764, stack(0x000000b784f00000,0x000000b785000000)]
  0x0000020f43b9ede0 JavaThread "File watcher consumer" daemon [_thread_blocked, id=38428, stack(0x000000b785000000,0x000000b785100000)]
  0x0000020f43b9fd10 JavaThread "Cache worker for checksums cache (C:\Users\jonna\AndroidStudioProjects\MyApplication3\.gradle\8.7\checksums)" [_thread_blocked, id=16984, stack(0x000000b785100000,0x000000b785200000)]
  0x0000020f43b9d490 JavaThread "Cache worker for cache directory md-supplier (C:\Users\jonna\.gradle\caches\8.7\md-supplier)" [_thread_blocked, id=26808, stack(0x000000b785200000,0x000000b785300000)]
  0x0000020f42bf69f0 JavaThread "Cache worker for cache directory md-rule (C:\Users\jonna\.gradle\caches\8.7\md-rule)" [_thread_blocked, id=22860, stack(0x000000b785300000,0x000000b785400000)]
  0x0000020f42bf7410 JavaThread "Cache worker for file content cache (C:\Users\jonna\.gradle\caches\8.7\fileContent)" [_thread_blocked, id=39180, stack(0x000000b785400000,0x000000b785500000)]
  0x0000020f42bf2d30 JavaThread "Cache worker for Build Output Cleanup Cache (C:\Users\jonna\AndroidStudioProjects\MyApplication3\.gradle\buildOutputCleanup)" [_thread_blocked, id=15236, stack(0x000000b785600000,0x000000b785700000)]
  0x0000020f42bf4680 JavaThread "Unconstrained build operations" [_thread_blocked, id=22708, stack(0x000000b785700000,0x000000b785800000)]
  0x0000020f42bf5ac0 JavaThread "Unconstrained build operations Thread 2" [_thread_blocked, id=37356, stack(0x000000b785800000,0x000000b785900000)]
  0x0000020f42bf3750 JavaThread "Unconstrained build operations Thread 3" [_thread_blocked, id=27604, stack(0x000000b785900000,0x000000b785a00000)]
  0x0000020f42bf3c60 JavaThread "Unconstrained build operations Thread 4" [_thread_blocked, id=40256, stack(0x000000b785a00000,0x000000b785b00000)]
  0x0000020f42bf4170 JavaThread "Unconstrained build operations Thread 5" [_thread_blocked, id=34440, stack(0x000000b785b00000,0x000000b785c00000)]
  0x0000020f42bf6f00 JavaThread "Unconstrained build operations Thread 6" [_thread_blocked, id=33228, stack(0x000000b785c00000,0x000000b785d00000)]
  0x0000020f42bf4b90 JavaThread "Unconstrained build operations Thread 7" [_thread_blocked, id=35328, stack(0x000000b785d00000,0x000000b785e00000)]
  0x0000020f42bf09c0 JavaThread "Unconstrained build operations Thread 8" [_thread_blocked, id=35912, stack(0x000000b785e00000,0x000000b785f00000)]
  0x0000020f42bf64e0 JavaThread "Unconstrained build operations Thread 9" [_thread_blocked, id=1456, stack(0x000000b785f00000,0x000000b786000000)]
  0x0000020f42bf2310 JavaThread "Unconstrained build operations Thread 10" [_thread_blocked, id=33112, stack(0x000000b786000000,0x000000b786100000)]
  0x0000020f42bf0ed0 JavaThread "build event listener" [_thread_blocked, id=38440, stack(0x000000b786200000,0x000000b786300000)]

Other Threads:
=>0x0000020f3d6232c0 VMThread "VM Thread" [stack: 0x000000b782e00000,0x000000b782f00000] [id=18616]
  0x0000020f3db7b010 WatcherThread [stack: 0x000000b783a00000,0x000000b783b00000] [id=11272]
  0x0000020f23c660a0 GCTaskThread "GC Thread#0" [stack: 0x000000b782900000,0x000000b782a00000] [id=35880]
  0x0000020f42b3fcc0 GCTaskThread "GC Thread#1" [stack: 0x000000b783b00000,0x000000b783c00000] [id=26276]
  0x0000020f42a011b0 GCTaskThread "GC Thread#2" [stack: 0x000000b783c00000,0x000000b783d00000] [id=7596]
  0x0000020f42ab86c0 GCTaskThread "GC Thread#3" [stack: 0x000000b783d00000,0x000000b783e00000] [id=11776]
  0x0000020f429d25a0 GCTaskThread "GC Thread#4" [stack: 0x000000b783e00000,0x000000b783f00000] [id=32536]
  0x0000020f43a1be10 GCTaskThread "GC Thread#5" [stack: 0x000000b784900000,0x000000b784a00000] [id=14952]
  0x0000020f23c79000 ConcurrentGCThread "G1 Main Marker" [stack: 0x000000b782a00000,0x000000b782b00000] [id=12364]
  0x0000020f23c7a1c0 ConcurrentGCThread "G1 Conc#0" [stack: 0x000000b782b00000,0x000000b782c00000] [id=35588]
  0x0000020f43c23a90 ConcurrentGCThread "G1 Conc#1" [stack: 0x000000b784a00000,0x000000b784b00000] [id=17580]
  0x0000020f3d4824c0 ConcurrentGCThread "G1 Refine#0" [stack: 0x000000b782c00000,0x000000b782d00000] [id=1340]
  0x0000020f435d45c0 ConcurrentGCThread "G1 Refine#1" [stack: 0x000000b785500000,0x000000b785600000] [id=15372]
  0x0000020f3d482ef0 ConcurrentGCThread "G1 Service" [stack: 0x000000b782d00000,0x000000b782e00000] [id=30028]

Threads with active compile tasks:
C2 CompilerThread0    12319 6829   !   4       java.net.URLClassLoader::defineClass (224 bytes)

VM state: at safepoint (normal execution)

VM Mutex/Monitor currently owned by a thread:  ([mutex/lock_event])
[0x0000020f23c072c0] Threads_lock - owner thread: 0x0000020f3d6232c0
[0x0000020f23c08ca0] Heap_lock - owner thread: 0x0000020f439fc650

Heap address: 0x0000000080000000, size: 2048 MB, Compressed Oops mode: 32-bit

CDS archive(s) not mapped
Compressed class space mapped at: 0x0000000100000000-0x0000000140000000, reserved size: 1073741824
Narrow klass base: 0x0000000000000000, Narrow klass shift: 3, Narrow klass range: 0x140000000

GC Precious Log:
 CPUs: 6 total, 6 available
 Memory: 7541M
 Large Page Support: Disabled
 NUMA Support: Disabled
 Compressed Oops: Enabled (32-bit)
 Heap Region Size: 1M
 Heap Min Capacity: 8M
 Heap Initial Capacity: 118M
 Heap Max Capacity: 2G
 Pre-touch: Disabled
 Parallel Workers: 6
 Concurrent Workers: 2
 Concurrent Refinement Workers: 6
 Periodic GC: Disabled

Heap:
 garbage-first heap   total 120832K, used 54797K [0x0000000080000000, 0x0000000100000000)
  region size 1024K, 1 young (1024K), 1 survivors (1024K)
 Metaspace       used 63423K, committed 64000K, reserved 1114112K
  class space    used 8607K, committed 8896K, reserved 1048576K

Heap Regions: E=young(eden), S=young(survivor), O=old, HS=humongous(starts), HC=humongous(continues), CS=collection set, F=free, OA=open archive, CA=closed archive, TAMS=top-at-mark-start (previous, next)
|   0|0x0000000080000000, 0x0000000080100000, 0x0000000080100000|100%|HS|  |TAMS 0x0000000080100000, 0x0000000080000000| Complete 
|   1|0x0000000080100000, 0x0000000080200000, 0x0000000080200000|100%|HC|  |TAMS 0x0000000080200000, 0x0000000080100000| Complete 
|   2|0x0000000080200000, 0x0000000080300000, 0x0000000080300000|100%|HC|  |TAMS 0x0000000080300000, 0x0000000080200000| Complete 
|   3|0x0000000080300000, 0x0000000080400000, 0x0000000080400000|100%|HC|  |TAMS 0x0000000080400000, 0x0000000080300000| Complete 
|   4|0x0000000080400000, 0x0000000080500000, 0x0000000080500000|100%| O|  |TAMS 0x0000000080500000, 0x0000000080400000| Untracked 
|   5|0x0000000080500000, 0x0000000080600000, 0x0000000080600000|100%| O|  |TAMS 0x0000000080600000, 0x0000000080500000| Untracked 
|   6|0x0000000080600000, 0x0000000080700000, 0x0000000080700000|100%| O|  |TAMS 0x0000000080700000, 0x0000000080600000| Untracked 
|   7|0x0000000080700000, 0x0000000080800000, 0x0000000080800000|100%| O|  |TAMS 0x0000000080800000, 0x0000000080700000| Untracked 
|   8|0x0000000080800000, 0x0000000080900000, 0x0000000080900000|100%| O|  |TAMS 0x0000000080900000, 0x0000000080800000| Untracked 
|   9|0x0000000080900000, 0x0000000080a00000, 0x0000000080a00000|100%| O|  |TAMS 0x0000000080a00000, 0x0000000080900000| Untracked 
|  10|0x0000000080a00000, 0x0000000080b00000, 0x0000000080b00000|100%| O|  |TAMS 0x0000000080b00000, 0x0000000080a00000| Untracked 
|  11|0x0000000080b00000, 0x0000000080c00000, 0x0000000080c00000|100%| O|  |TAMS 0x0000000080c00000, 0x0000000080b00000| Untracked 
|  12|0x0000000080c00000, 0x0000000080d00000, 0x0000000080d00000|100%| O|  |TAMS 0x0000000080d00000, 0x0000000080c00000| Untracked 
|  13|0x0000000080d00000, 0x0000000080e00000, 0x0000000080e00000|100%| O|  |TAMS 0x0000000080e00000, 0x0000000080d00000| Untracked 
|  14|0x0000000080e00000, 0x0000000080f00000, 0x0000000080f00000|100%| O|  |TAMS 0x0000000080f00000, 0x0000000080e00000| Untracked 
|  15|0x0000000080f00000, 0x0000000081000000, 0x0000000081000000|100%| O|  |TAMS 0x0000000081000000, 0x0000000080f00000| Untracked 
|  16|0x0000000081000000, 0x0000000081100000, 0x0000000081100000|100%| O|  |TAMS 0x0000000081100000, 0x0000000081000000| Untracked 
|  17|0x0000000081100000, 0x0000000081200000, 0x0000000081200000|100%| O|  |TAMS 0x0000000081200000, 0x0000000081100000| Untracked 
|  18|0x0000000081200000, 0x0000000081300000, 0x0000000081300000|100%| O|  |TAMS 0x0000000081300000, 0x0000000081200000| Untracked 
|  19|0x0000000081300000, 0x0000000081400000, 0x0000000081400000|100%| O|  |TAMS 0x0000000081400000, 0x0000000081300000| Untracked 
|  20|0x0000000081400000, 0x0000000081500000, 0x0000000081500000|100%| O|  |TAMS 0x0000000081500000, 0x0000000081400000| Untracked 
|  21|0x0000000081500000, 0x0000000081600000, 0x0000000081600000|100%| O|  |TAMS 0x0000000081600000, 0x0000000081500000| Untracked 
|  22|0x0000000081600000, 0x0000000081700000, 0x0000000081700000|100%| O|  |TAMS 0x0000000081700000, 0x0000000081600000| Untracked 
|  23|0x0000000081700000, 0x0000000081800000, 0x0000000081800000|100%|HS|  |TAMS 0x0000000081800000, 0x0000000081700000| Complete 
|  24|0x0000000081800000, 0x0000000081900000, 0x0000000081900000|100%| O|  |TAMS 0x0000000081900000, 0x0000000081800000| Untracked 
|  25|0x0000000081900000, 0x0000000081a00000, 0x0000000081a00000|100%| O|  |TAMS 0x0000000081a00000, 0x0000000081900000| Untracked 
|  26|0x0000000081a00000, 0x0000000081b00000, 0x0000000081b00000|100%| O|  |TAMS 0x0000000081b00000, 0x0000000081a00000| Untracked 
|  27|0x0000000081b00000, 0x0000000081c00000, 0x0000000081c00000|100%| O|  |TAMS 0x0000000081c00000, 0x0000000081b00000| Untracked 
|  28|0x0000000081c00000, 0x0000000081d00000, 0x0000000081d00000|100%| O|  |TAMS 0x0000000081d00000, 0x0000000081c00000| Untracked 
|  29|0x0000000081d00000, 0x0000000081d00000, 0x0000000081e00000|  0%| F|  |TAMS 0x0000000081d00000, 0x0000000081d00000| Untracked 
|  30|0x0000000081e00000, 0x0000000081f00000, 0x0000000081f00000|100%| O|  |TAMS 0x0000000081f00000, 0x0000000081e00000| Untracked 
|  31|0x0000000081f00000, 0x0000000082000000, 0x0000000082000000|100%|HS|  |TAMS 0x0000000082000000, 0x0000000081f00000| Complete 
|  32|0x0000000082000000, 0x0000000082100000, 0x0000000082100000|100%| O|  |TAMS 0x0000000082100000, 0x0000000082000000| Untracked 
|  33|0x0000000082100000, 0x0000000082200000, 0x0000000082200000|100%| O|  |TAMS 0x0000000082200000, 0x0000000082100000| Untracked 
|  34|0x0000000082200000, 0x0000000082300000, 0x0000000082300000|100%| O|  |TAMS 0x0000000082300000, 0x0000000082200000| Untracked 
|  35|0x0000000082300000, 0x0000000082400000, 0x0000000082400000|100%| O|  |TAMS 0x0000000082400000, 0x0000000082300000| Untracked 
|  36|0x0000000082400000, 0x0000000082500000, 0x0000000082500000|100%| O|  |TAMS 0x0000000082500000, 0x0000000082400000| Untracked 
|  37|0x0000000082500000, 0x0000000082600000, 0x0000000082600000|100%| O|  |TAMS 0x0000000082600000, 0x0000000082500000| Untracked 
|  38|0x0000000082600000, 0x0000000082700000, 0x0000000082700000|100%| O|  |TAMS 0x0000000082700000, 0x0000000082600000| Untracked 
|  39|0x0000000082700000, 0x0000000082800000, 0x0000000082800000|100%| O|  |TAMS 0x0000000082800000, 0x0000000082700000| Untracked 
|  40|0x0000000082800000, 0x0000000082900000, 0x0000000082900000|100%| O|  |TAMS 0x0000000082900000, 0x0000000082800000| Untracked 
|  41|0x0000000082900000, 0x0000000082a00000, 0x0000000082a00000|100%| O|  |TAMS 0x0000000082a00000, 0x0000000082900000| Untracked 
|  42|0x0000000082a00000, 0x0000000082b00000, 0x0000000082b00000|100%| O|  |TAMS 0x0000000082b00000, 0x0000000082a00000| Untracked 
|  43|0x0000000082b00000, 0x0000000082c00000, 0x0000000082c00000|100%|HS|  |TAMS 0x0000000082c00000, 0x0000000082b00000| Complete 
|  44|0x0000000082c00000, 0x0000000082d00000, 0x0000000082d00000|100%|HS|  |TAMS 0x0000000082d00000, 0x0000000082c00000| Complete 
|  45|0x0000000082d00000, 0x0000000082e00000, 0x0000000082e00000|100%|HS|  |TAMS 0x0000000082e00000, 0x0000000082d00000| Complete 
|  46|0x0000000082e00000, 0x0000000082f00000, 0x0000000082f00000|100%| O|  |TAMS 0x0000000082f00000, 0x0000000082e00000| Untracked 
|  47|0x0000000082f00000, 0x0000000083000000, 0x0000000083000000|100%|HS|  |TAMS 0x0000000083000000, 0x0000000082f00000| Complete 
|  48|0x0000000083000000, 0x0000000083100000, 0x0000000083100000|100%| O|  |TAMS 0x0000000083100000, 0x0000000083000000| Untracked 
|  49|0x0000000083100000, 0x0000000083200000, 0x0000000083200000|100%| O|  |TAMS 0x0000000083200000, 0x0000000083100000| Untracked 
|  50|0x0000000083200000, 0x0000000083300000, 0x0000000083300000|100%| O|  |TAMS 0x0000000083300000, 0x0000000083200000| Untracked 
|  51|0x0000000083300000, 0x0000000083400000, 0x0000000083400000|100%| O|  |TAMS 0x00000000833f5e00, 0x0000000083300000| Untracked 
|  52|0x0000000083400000, 0x0000000083500000, 0x0000000083500000|100%| O|  |TAMS 0x0000000083400000, 0x0000000083400000| Untracked 
|  53|0x0000000083500000, 0x0000000083600000, 0x0000000083600000|100%| O|  |TAMS 0x0000000083500000, 0x0000000083500000| Untracked 
|  54|0x0000000083600000, 0x000000008360a600, 0x0000000083700000|  4%| O|  |TAMS 0x0000000083600000, 0x0000000083600000| Untracked 
|  55|0x0000000083700000, 0x0000000083700000, 0x0000000083800000|  0%| F|  |TAMS 0x0000000083700000, 0x0000000083700000| Untracked 
|  56|0x0000000083800000, 0x0000000083800000, 0x0000000083900000|  0%| F|  |TAMS 0x0000000083800000, 0x0000000083800000| Untracked 
|  57|0x0000000083900000, 0x0000000083900000, 0x0000000083a00000|  0%| F|  |TAMS 0x0000000083900000, 0x0000000083900000| Untracked 
|  58|0x0000000083a00000, 0x0000000083a00000, 0x0000000083b00000|  0%| F|  |TAMS 0x0000000083a00000, 0x0000000083a00000| Untracked 
|  59|0x0000000083b00000, 0x0000000083b00000, 0x0000000083c00000|  0%| F|  |TAMS 0x0000000083b00000, 0x0000000083b00000| Untracked 
|  60|0x0000000083c00000, 0x0000000083c00000, 0x0000000083d00000|  0%| F|  |TAMS 0x0000000083c00000, 0x0000000083c00000| Untracked 
|  61|0x0000000083d00000, 0x0000000083d00000, 0x0000000083e00000|  0%| F|  |TAMS 0x0000000083d00000, 0x0000000083d00000| Untracked 
|  62|0x0000000083e00000, 0x0000000083e00000, 0x0000000083f00000|  0%| F|  |TAMS 0x0000000083e00000, 0x0000000083e00000| Untracked 
|  63|0x0000000083f00000, 0x0000000083f00000, 0x0000000084000000|  0%| F|  |TAMS 0x0000000083f00000, 0x0000000083f00000| Untracked 
|  64|0x0000000084000000, 0x0000000084000000, 0x0000000084100000|  0%| F|  |TAMS 0x0000000084000000, 0x0000000084000000| Untracked 
|  65|0x0000000084100000, 0x0000000084100000, 0x0000000084200000|  0%| F|  |TAMS 0x0000000084100000, 0x0000000084100000| Untracked 
|  66|0x0000000084200000, 0x0000000084200000, 0x0000000084300000|  0%| F|  |TAMS 0x0000000084200000, 0x0000000084200000| Untracked 
|  67|0x0000000084300000, 0x0000000084300000, 0x0000000084400000|  0%| F|  |TAMS 0x0000000084300000, 0x0000000084300000| Untracked 
|  68|0x0000000084400000, 0x0000000084400000, 0x0000000084500000|  0%| F|  |TAMS 0x0000000084400000, 0x0000000084400000| Untracked 
|  69|0x0000000084500000, 0x0000000084500000, 0x0000000084600000|  0%| F|  |TAMS 0x0000000084500000, 0x0000000084500000| Untracked 
|  70|0x0000000084600000, 0x0000000084678e68, 0x0000000084700000| 47%| S|CS|TAMS 0x0000000084600000, 0x0000000084600000| Complete 
|  71|0x0000000084700000, 0x0000000084700000, 0x0000000084800000|  0%| F|  |TAMS 0x0000000084700000, 0x0000000084700000| Untracked 
|  72|0x0000000084800000, 0x0000000084800000, 0x0000000084900000|  0%| F|  |TAMS 0x0000000084800000, 0x0000000084800000| Untracked 
|  73|0x0000000084900000, 0x0000000084900000, 0x0000000084a00000|  0%| F|  |TAMS 0x0000000084900000, 0x0000000084900000| Untracked 
|  74|0x0000000084a00000, 0x0000000084a00000, 0x0000000084b00000|  0%| F|  |TAMS 0x0000000084a00000, 0x0000000084a00000| Untracked 
|  75|0x0000000084b00000, 0x0000000084b00000, 0x0000000084c00000|  0%| F|  |TAMS 0x0000000084b00000, 0x0000000084b00000| Untracked 
|  76|0x0000000084c00000, 0x0000000084c00000, 0x0000000084d00000|  0%| F|  |TAMS 0x0000000084c00000, 0x0000000084c00000| Untracked 
|  77|0x0000000084d00000, 0x0000000084d00000, 0x0000000084e00000|  0%| F|  |TAMS 0x0000000084d00000, 0x0000000084d00000| Untracked 
|  78|0x0000000084e00000, 0x0000000084e00000, 0x0000000084f00000|  0%| F|  |TAMS 0x0000000084e00000, 0x0000000084e00000| Untracked 
|  79|0x0000000084f00000, 0x0000000084f00000, 0x0000000085000000|  0%| F|  |TAMS 0x0000000084f00000, 0x0000000084f00000| Untracked 
|  80|0x0000000085000000, 0x0000000085000000, 0x0000000085100000|  0%| F|  |TAMS 0x0000000085000000, 0x0000000085000000| Untracked 
|  81|0x0000000085100000, 0x0000000085100000, 0x0000000085200000|  0%| F|  |TAMS 0x0000000085100000, 0x0000000085100000| Untracked 
|  82|0x0000000085200000, 0x0000000085200000, 0x0000000085300000|  0%| F|  |TAMS 0x0000000085200000, 0x0000000085200000| Untracked 
|  83|0x0000000085300000, 0x0000000085300000, 0x0000000085400000|  0%| F|  |TAMS 0x0000000085300000, 0x0000000085300000| Untracked 
|  84|0x0000000085400000, 0x0000000085400000, 0x0000000085500000|  0%| F|  |TAMS 0x0000000085400000, 0x0000000085400000| Untracked 
|  85|0x0000000085500000, 0x0000000085500000, 0x0000000085600000|  0%| F|  |TAMS 0x0000000085500000, 0x0000000085500000| Untracked 
|  86|0x0000000085600000, 0x0000000085600000, 0x0000000085700000|  0%| F|  |TAMS 0x0000000085600000, 0x0000000085600000| Untracked 
|  87|0x0000000085700000, 0x0000000085700000, 0x0000000085800000|  0%| F|  |TAMS 0x0000000085700000, 0x0000000085700000| Untracked 
|  88|0x0000000085800000, 0x0000000085800000, 0x0000000085900000|  0%| F|  |TAMS 0x0000000085800000, 0x0000000085800000| Untracked 
|  89|0x0000000085900000, 0x0000000085900000, 0x0000000085a00000|  0%| F|  |TAMS 0x0000000085900000, 0x0000000085900000| Untracked 
|  90|0x0000000085a00000, 0x0000000085a00000, 0x0000000085b00000|  0%| F|  |TAMS 0x0000000085a00000, 0x0000000085a00000| Untracked 
|  91|0x0000000085b00000, 0x0000000085b00000, 0x0000000085c00000|  0%| F|  |TAMS 0x0000000085b00000, 0x0000000085b00000| Untracked 
|  92|0x0000000085c00000, 0x0000000085c00000, 0x0000000085d00000|  0%| F|  |TAMS 0x0000000085c00000, 0x0000000085c00000| Untracked 
|  93|0x0000000085d00000, 0x0000000085d00000, 0x0000000085e00000|  0%| F|  |TAMS 0x0000000085d00000, 0x0000000085d00000| Untracked 
|  94|0x0000000085e00000, 0x0000000085e00000, 0x0000000085f00000|  0%| F|  |TAMS 0x0000000085e00000, 0x0000000085e00000| Untracked 
|  95|0x0000000085f00000, 0x0000000085f00000, 0x0000000086000000|  0%| F|  |TAMS 0x0000000085f00000, 0x0000000085f00000| Untracked 
|  96|0x0000000086000000, 0x0000000086000000, 0x0000000086100000|  0%| F|  |TAMS 0x0000000086000000, 0x0000000086000000| Untracked 
|  97|0x0000000086100000, 0x0000000086100000, 0x0000000086200000|  0%| F|  |TAMS 0x0000000086100000, 0x0000000086100000| Untracked 
|  98|0x0000000086200000, 0x0000000086200000, 0x0000000086300000|  0%| F|  |TAMS 0x0000000086200000, 0x0000000086200000| Untracked 
|  99|0x0000000086300000, 0x0000000086300000, 0x0000000086400000|  0%| F|  |TAMS 0x0000000086300000, 0x0000000086300000| Untracked 
| 100|0x0000000086400000, 0x0000000086400000, 0x0000000086500000|  0%| F|  |TAMS 0x0000000086400000, 0x0000000086400000| Untracked 
| 101|0x0000000086500000, 0x0000000086500000, 0x0000000086600000|  0%| F|  |TAMS 0x0000000086500000, 0x0000000086500000| Untracked 
| 102|0x0000000086600000, 0x0000000086600000, 0x0000000086700000|  0%| F|  |TAMS 0x0000000086600000, 0x0000000086600000| Untracked 
| 103|0x0000000086700000, 0x0000000086700000, 0x0000000086800000|  0%| F|  |TAMS 0x0000000086700000, 0x0000000086700000| Untracked 
| 104|0x0000000086800000, 0x0000000086800000, 0x0000000086900000|  0%| F|  |TAMS 0x0000000086800000, 0x0000000086800000| Untracked 
| 105|0x0000000086900000, 0x0000000086900000, 0x0000000086a00000|  0%| F|  |TAMS 0x0000000086900000, 0x0000000086900000| Untracked 
| 106|0x0000000086a00000, 0x0000000086a00000, 0x0000000086b00000|  0%| F|  |TAMS 0x0000000086a00000, 0x0000000086a00000| Untracked 
| 107|0x0000000086b00000, 0x0000000086b00000, 0x0000000086c00000|  0%| F|  |TAMS 0x0000000086b00000, 0x0000000086b00000| Untracked 
| 108|0x0000000086c00000, 0x0000000086c00000, 0x0000000086d00000|  0%| F|  |TAMS 0x0000000086c00000, 0x0000000086c00000| Untracked 
| 109|0x0000000086d00000, 0x0000000086d00000, 0x0000000086e00000|  0%| F|  |TAMS 0x0000000086d00000, 0x0000000086d00000| Untracked 
| 110|0x0000000086e00000, 0x0000000086e00000, 0x0000000086f00000|  0%| F|  |TAMS 0x0000000086e00000, 0x0000000086e00000| Untracked 
| 111|0x0000000086f00000, 0x0000000086f00000, 0x0000000087000000|  0%| F|  |TAMS 0x0000000086f00000, 0x0000000086f00000| Untracked 
| 112|0x0000000087000000, 0x0000000087000000, 0x0000000087100000|  0%| F|  |TAMS 0x0000000087000000, 0x0000000087000000| Untracked 
| 113|0x0000000087100000, 0x0000000087100000, 0x0000000087200000|  0%| F|  |TAMS 0x0000000087100000, 0x0000000087100000| Untracked 
| 114|0x0000000087200000, 0x0000000087200000, 0x0000000087300000|  0%| F|  |TAMS 0x0000000087200000, 0x0000000087200000| Untracked 
| 115|0x0000000087300000, 0x0000000087300000, 0x0000000087400000|  0%| F|  |TAMS 0x0000000087300000, 0x0000000087300000| Untracked 
| 116|0x0000000087400000, 0x0000000087400000, 0x0000000087500000|  0%| F|  |TAMS 0x0000000087400000, 0x0000000087400000| Untracked 
| 117|0x0000000087500000, 0x0000000087500000, 0x0000000087600000|  0%| F|  |TAMS 0x0000000087500000, 0x0000000087500000| Untracked 

Card table byte_map: [0x0000020f365f0000,0x0000020f369f0000] _byte_map_base: 0x0000020f361f0000

Marking Bits (Prev, Next): (CMBitMap*) 0x0000020f23c666c0, (CMBitMap*) 0x0000020f23c66700
 Prev Bits: [0x0000020f36df0000, 0x0000020f38df0000)
 Next Bits: [0x0000020f38df0000, 0x0000020f3adf0000)

Polling page: 0x0000020f21b50000

Metaspace:

Usage:
  Non-class:     53.53 MB used.
      Class:      8.41 MB used.
       Both:     61.94 MB used.

Virtual space:
  Non-class space:       64.00 MB reserved,      53.81 MB ( 84%) committed,  1 nodes.
      Class space:        1.00 GB reserved,       8.69 MB ( <1%) committed,  1 nodes.
             Both:        1.06 GB reserved,      62.50 MB (  6%) committed. 

Chunk freelists:
   Non-Class:  9.97 MB
       Class:  7.37 MB
        Both:  17.35 MB

MaxMetaspaceSize: unlimited
CompressedClassSpaceSize: 1.00 GB
Initial GC threshold: 21.00 MB
Current GC threshold: 97.94 MB
CDS: off
MetaspaceReclaimPolicy: balanced
 - commit_granule_bytes: 65536.
 - commit_granule_words: 8192.
 - virtual_space_node_default_size: 8388608.
 - enlarge_chunks_in_place: 1.
 - new_chunks_are_fully_committed: 0.
 - uncommit_free_chunks: 1.
 - use_allocation_guard: 0.
 - handle_deallocations: 1.


Internal statistics:

num_allocs_failed_limit: 6.
num_arena_births: 744.
num_arena_deaths: 0.
num_vsnodes_births: 2.
num_vsnodes_deaths: 0.
num_space_committed: 1000.
num_space_uncommitted: 0.
num_chunks_returned_to_freelist: 6.
num_chunks_taken_from_freelist: 2951.
num_chunk_merges: 6.
num_chunk_splits: 1941.
num_chunks_enlarged: 1304.
num_inconsistent_stats: 0.

CodeHeap 'non-profiled nmethods': size=120000Kb used=2869Kb max_used=3232Kb free=117131Kb
 bounds [0x0000020f2ebb0000, 0x0000020f2eee0000, 0x0000020f360e0000]
CodeHeap 'profiled nmethods': size=120000Kb used=11048Kb max_used=12437Kb free=108951Kb
 bounds [0x0000020f270e0000, 0x0000020f27d10000, 0x0000020f2e610000]
CodeHeap 'non-nmethods': size=5760Kb used=1640Kb max_used=1674Kb free=4119Kb
 bounds [0x0000020f2e610000, 0x0000020f2e880000, 0x0000020f2ebb0000]
 total_blobs=6695 nmethods=5978 adapters=628
 compilation: enabled
              stopped_count=0, restarted_count=0
 full_count=0

Compilation events (20 events):
Event: 12.264 Thread 0x0000020f3d8cfc00 6833       3       org.gradle.internal.instantiation.generator.AsmBackedClassGenerator$ClassBuilderImpl::lambda$addLazyGetter$15 (17 bytes)
Event: 12.265 Thread 0x0000020f3d8cfc00 nmethod 6833 0x0000020f27abea10 code [0x0000020f27abebc0, 0x0000020f27abed88]
Event: 12.265 Thread 0x0000020f3d8cfc00 6830       3       org.gradle.internal.instantiation.generator.AsmBackedClassGenerator$ClassBuilderImpl$16::<init> (144 bytes)
Event: 12.266 Thread 0x0000020f3d8cfc00 nmethod 6830 0x0000020f27120f10 code [0x0000020f271212e0, 0x0000020f271236d8]
Event: 12.266 Thread 0x0000020f3d8cfc00 6831       3       org.gradle.model.internal.asm.BytecodeFragment$$Lambda$139/0x00000001002c1c18::emit (5 bytes)
Event: 12.266 Thread 0x0000020f3d8cfc00 nmethod 6831 0x0000020f273d0990 code [0x0000020f273d0b20, 0x0000020f273d0c78]
Event: 12.266 Thread 0x0000020f3d8cfc00 6832       3       org.gradle.model.internal.asm.BytecodeFragment::lambda$static$0 (1 bytes)
Event: 12.266 Thread 0x0000020f3d8cfc00 nmethod 6832 0x0000020f27aaa610 code [0x0000020f27aaa7a0, 0x0000020f27aaa898]
Event: 12.266 Thread 0x0000020f3d8cfc00 6835   !   3       org.gradle.internal.instantiation.generator.AbstractClassGenerator::generateUnderLock (702 bytes)
Event: 12.270 Thread 0x0000020f3d8cfc00 nmethod 6835 0x0000020f2710e310 code [0x0000020f2710eda0, 0x0000020f27116488]
Event: 12.270 Thread 0x0000020f3d8cfc00 6837 %     3       org.gradle.internal.instantiation.generator.AbstractClassGenerator::inspectType @ 107 (560 bytes)
Event: 12.273 Thread 0x0000020f3d8cfc00 nmethod 6837% 0x0000020f2721a090 code [0x0000020f2721a840, 0x0000020f2721f6e8]
Event: 12.273 Thread 0x0000020f3d8cfc00 6838       3       org.objectweb.asm.ByteVector::put112 (80 bytes)
Event: 12.273 Thread 0x0000020f3d8cfc00 nmethod 6838 0x0000020f27abff10 code [0x0000020f27ac00c0, 0x0000020f27ac0328]
Event: 12.273 Thread 0x0000020f3d8cfc00 6839       3       org.gradle.internal.instantiation.generator.AsmBackedClassGenerator$ClassBuilderImpl::addSetter (9 bytes)
Event: 12.273 Thread 0x0000020f3d8cfc00 nmethod 6839 0x0000020f2743cb90 code [0x0000020f2743cd40, 0x0000020f2743ce88]
Event: 12.274 Thread 0x0000020f3d8cfc00 6840       1       org.gradle.model.internal.asm.AsmClassGenerator::getVisitor (5 bytes)
Event: 12.274 Thread 0x0000020f3d8cfc00 nmethod 6840 0x0000020f2ec04610 code [0x0000020f2ec047a0, 0x0000020f2ec04878]
Event: 12.275 Thread 0x0000020f3d8cfc00 6841       3       sun.reflect.generics.tree.MethodTypeSignature::make (12 bytes)
Event: 12.275 Thread 0x0000020f3d8cfc00 nmethod 6841 0x0000020f27419690 code [0x0000020f27419840, 0x0000020f27419bb8]

GC Heap History (20 events):
Event: 9.235 GC heap after
{Heap after GC invocations=18 (full 0):
 garbage-first heap   total 71680K, used 36934K [0x0000000080000000, 0x0000000100000000)
  region size 1024K, 1 young (1024K), 1 survivors (1024K)
 Metaspace       used 55377K, committed 55936K, reserved 1114112K
  class space    used 7630K, committed 7872K, reserved 1048576K
}
Event: 9.953 GC heap before
{Heap before GC invocations=18 (full 0):
 garbage-first heap   total 71680K, used 57414K [0x0000000080000000, 0x0000000100000000)
  region size 1024K, 22 young (22528K), 1 survivors (1024K)
 Metaspace       used 56261K, committed 56768K, reserved 1114112K
  class space    used 7730K, committed 8000K, reserved 1048576K
}
Event: 9.959 GC heap after
{Heap after GC invocations=19 (full 0):
 garbage-first heap   total 71680K, used 40685K [0x0000000080000000, 0x0000000100000000)
  region size 1024K, 3 young (3072K), 3 survivors (3072K)
 Metaspace       used 56261K, committed 56768K, reserved 1114112K
  class space    used 7730K, committed 8000K, reserved 1048576K
}
Event: 10.356 GC heap before
{Heap before GC invocations=20 (full 0):
 garbage-first heap   total 71680K, used 57069K [0x0000000080000000, 0x0000000100000000)
  region size 1024K, 20 young (20480K), 3 survivors (3072K)
 Metaspace       used 56608K, committed 57152K, reserved 1114112K
  class space    used 7758K, committed 8000K, reserved 1048576K
}
Event: 10.359 GC heap after
{Heap after GC invocations=21 (full 0):
 garbage-first heap   total 86016K, used 42623K [0x0000000080000000, 0x0000000100000000)
  region size 1024K, 3 young (3072K), 3 survivors (3072K)
 Metaspace       used 56608K, committed 57152K, reserved 1114112K
  class space    used 7758K, committed 8000K, reserved 1048576K
}
Event: 10.372 GC heap before
{Heap before GC invocations=21 (full 0):
 garbage-first heap   total 86016K, used 43647K [0x0000000080000000, 0x0000000100000000)
  region size 1024K, 4 young (4096K), 3 survivors (3072K)
 Metaspace       used 56645K, committed 57152K, reserved 1114112K
  class space    used 7762K, committed 8000K, reserved 1048576K
}
Event: 10.375 GC heap after
{Heap after GC invocations=22 (full 0):
 garbage-first heap   total 86016K, used 42627K [0x0000000080000000, 0x0000000100000000)
  region size 1024K, 1 young (1024K), 1 survivors (1024K)
 Metaspace       used 56645K, committed 57152K, reserved 1114112K
  class space    used 7762K, committed 8000K, reserved 1048576K
}
Event: 10.446 GC heap before
{Heap before GC invocations=22 (full 0):
 garbage-first heap   total 86016K, used 45699K [0x0000000080000000, 0x0000000100000000)
  region size 1024K, 5 young (5120K), 1 survivors (1024K)
 Metaspace       used 56719K, committed 57344K, reserved 1114112K
  class space    used 7768K, committed 8064K, reserved 1048576K
}
Event: 10.448 GC heap after
{Heap after GC invocations=23 (full 0):
 garbage-first heap   total 86016K, used 42446K [0x0000000080000000, 0x0000000100000000)
  region size 1024K, 1 young (1024K), 1 survivors (1024K)
 Metaspace       used 56719K, committed 57344K, reserved 1114112K
  class space    used 7768K, committed 8064K, reserved 1048576K
}
Event: 11.484 GC heap before
{Heap before GC invocations=24 (full 0):
 garbage-first heap   total 86016K, used 72142K [0x0000000080000000, 0x0000000100000000)
  region size 1024K, 25 young (25600K), 1 survivors (1024K)
 Metaspace       used 58116K, committed 58688K, reserved 1114112K
  class space    used 7978K, committed 8256K, reserved 1048576K
}
Event: 11.487 GC heap after
{Heap after GC invocations=25 (full 0):
 garbage-first heap   total 86016K, used 52823K [0x0000000080000000, 0x0000000100000000)
  region size 1024K, 4 young (4096K), 4 survivors (4096K)
 Metaspace       used 58116K, committed 58688K, reserved 1114112K
  class space    used 7978K, committed 8256K, reserved 1048576K
}
Event: 11.499 GC heap before
{Heap before GC invocations=25 (full 0):
 garbage-first heap   total 86016K, used 53847K [0x0000000080000000, 0x0000000100000000)
  region size 1024K, 5 young (5120K), 4 survivors (4096K)
 Metaspace       used 58148K, committed 58688K, reserved 1114112K
  class space    used 7983K, committed 8256K, reserved 1048576K
}
Event: 11.501 GC heap after
{Heap after GC invocations=26 (full 0):
 garbage-first heap   total 86016K, used 52708K [0x0000000080000000, 0x0000000100000000)
  region size 1024K, 1 young (1024K), 1 survivors (1024K)
 Metaspace       used 58148K, committed 58688K, reserved 1114112K
  class space    used 7983K, committed 8256K, reserved 1048576K
}
Event: 11.726 GC heap before
{Heap before GC invocations=26 (full 0):
 garbage-first heap   total 86016K, used 69092K [0x0000000080000000, 0x0000000100000000)
  region size 1024K, 17 young (17408K), 1 survivors (1024K)
 Metaspace       used 59437K, committed 60096K, reserved 1114112K
  class space    used 8143K, committed 8448K, reserved 1048576K
}
Event: 11.728 GC heap after
{Heap after GC invocations=27 (full 0):
 garbage-first heap   total 86016K, used 54140K [0x0000000080000000, 0x0000000100000000)
  region size 1024K, 1 young (1024K), 1 survivors (1024K)
 Metaspace       used 59437K, committed 60096K, reserved 1114112K
  class space    used 8143K, committed 8448K, reserved 1048576K
}
Event: 11.951 GC heap before
{Heap before GC invocations=28 (full 0):
 garbage-first heap   total 96256K, used 70524K [0x0000000080000000, 0x0000000100000000)
  region size 1024K, 17 young (17408K), 1 survivors (1024K)
 Metaspace       used 60749K, committed 61248K, reserved 1114112K
  class space    used 8319K, committed 8576K, reserved 1048576K
}
Event: 11.954 GC heap after
{Heap after GC invocations=29 (full 0):
 garbage-first heap   total 96256K, used 54826K [0x0000000080000000, 0x0000000100000000)
  region size 1024K, 2 young (2048K), 2 survivors (2048K)
 Metaspace       used 60749K, committed 61248K, reserved 1114112K
  class space    used 8319K, committed 8576K, reserved 1048576K
}
Event: 11.994 GC heap before
{Heap before GC invocations=29 (full 0):
 garbage-first heap   total 96256K, used 56874K [0x0000000080000000, 0x0000000100000000)
  region size 1024K, 4 young (4096K), 2 survivors (2048K)
 Metaspace       used 60925K, committed 61568K, reserved 1114112K
  class space    used 8339K, committed 8640K, reserved 1048576K
}
Event: 11.996 GC heap after
{Heap after GC invocations=30 (full 0):
 garbage-first heap   total 96256K, used 54435K [0x0000000080000000, 0x0000000100000000)
  region size 1024K, 1 young (1024K), 1 survivors (1024K)
 Metaspace       used 60925K, committed 61568K, reserved 1114112K
  class space    used 8339K, committed 8640K, reserved 1048576K
}
Event: 12.278 GC heap before
{Heap before GC invocations=30 (full 0):
 garbage-first heap   total 96256K, used 75939K [0x0000000080000000, 0x0000000100000000)
  region size 1024K, 23 young (23552K), 1 survivors (1024K)
 Metaspace       used 63423K, committed 64000K, reserved 1114112K
  class space    used 8607K, committed 8896K, reserved 1048576K
}

Dll operation events (3 events):
Event: 0.024 Loaded shared library C:\Program Files\Android\Android Studio\jbr\bin\java.dll
Event: 0.151 Loaded shared library C:\Program Files\Android\Android Studio\jbr\bin\zip.dll
Event: 0.694 Loaded shared library C:\Program Files\Android\Android Studio\jbr\bin\verify.dll

Deoptimization events (20 events):
Event: 11.983 Thread 0x0000020f439fc650 Uncommon trap: trap_request=0xffffff45 fr.pc=0x0000020f2ee03d54 relative=0x0000000000000454
Event: 11.983 Thread 0x0000020f439fc650 Uncommon trap: reason=unstable_if action=reinterpret pc=0x0000020f2ee03d54 method=org.gradle.internal.service.DefaultServiceRegistry$OwnServices.getService(Ljava/lang/reflect/Type;)Lorg/gradle/internal/service/Service; @ 27 c2
Event: 11.983 Thread 0x0000020f439fc650 DEOPT PACKING pc=0x0000020f2ee03d54 sp=0x000000b7845f7240
Event: 11.983 Thread 0x0000020f439fc650 DEOPT UNPACKING pc=0x0000020f2e6669a3 sp=0x000000b7845f71b8 mode 2
Event: 11.985 Thread 0x0000020f439fc650 Uncommon trap: trap_request=0xffffffbe fr.pc=0x0000020f2ee94cac relative=0x00000000000006ec
Event: 11.985 Thread 0x0000020f439fc650 Uncommon trap: reason=profile_predicate action=maybe_recompile pc=0x0000020f2ee94cac method=java.lang.PublicMethods$MethodList.filter([Ljava/lang/reflect/Method;Ljava/lang/String;[Ljava/lang/Class;Z)Ljava/lang/PublicMethods$MethodList; @ 21 c2
Event: 11.985 Thread 0x0000020f439fc650 DEOPT PACKING pc=0x0000020f2ee94cac sp=0x000000b7845f5b10
Event: 11.985 Thread 0x0000020f439fc650 DEOPT UNPACKING pc=0x0000020f2e6669a3 sp=0x000000b7845f5ac8 mode 2
Event: 11.985 Thread 0x0000020f439fc650 Uncommon trap: trap_request=0xffffffbe fr.pc=0x0000020f2ee94cac relative=0x00000000000006ec
Event: 11.985 Thread 0x0000020f439fc650 Uncommon trap: reason=profile_predicate action=maybe_recompile pc=0x0000020f2ee94cac method=java.lang.PublicMethods$MethodList.filter([Ljava/lang/reflect/Method;Ljava/lang/String;[Ljava/lang/Class;Z)Ljava/lang/PublicMethods$MethodList; @ 21 c2
Event: 11.985 Thread 0x0000020f439fc650 DEOPT PACKING pc=0x0000020f2ee94cac sp=0x000000b7845f5b10
Event: 11.985 Thread 0x0000020f439fc650 DEOPT UNPACKING pc=0x0000020f2e6669a3 sp=0x000000b7845f5ac8 mode 2
Event: 11.992 Thread 0x0000020f439fc650 Uncommon trap: trap_request=0xffffffbe fr.pc=0x0000020f2ee94cac relative=0x00000000000006ec
Event: 11.992 Thread 0x0000020f439fc650 Uncommon trap: reason=profile_predicate action=maybe_recompile pc=0x0000020f2ee94cac method=java.lang.PublicMethods$MethodList.filter([Ljava/lang/reflect/Method;Ljava/lang/String;[Ljava/lang/Class;Z)Ljava/lang/PublicMethods$MethodList; @ 21 c2
Event: 11.992 Thread 0x0000020f439fc650 DEOPT PACKING pc=0x0000020f2ee94cac sp=0x000000b7845f6b00
Event: 11.992 Thread 0x0000020f439fc650 DEOPT UNPACKING pc=0x0000020f2e6669a3 sp=0x000000b7845f6ab8 mode 2
Event: 11.992 Thread 0x0000020f439fc650 Uncommon trap: trap_request=0xffffffbe fr.pc=0x0000020f2ee94cac relative=0x00000000000006ec
Event: 11.992 Thread 0x0000020f439fc650 Uncommon trap: reason=profile_predicate action=maybe_recompile pc=0x0000020f2ee94cac method=java.lang.PublicMethods$MethodList.filter([Ljava/lang/reflect/Method;Ljava/lang/String;[Ljava/lang/Class;Z)Ljava/lang/PublicMethods$MethodList; @ 21 c2
Event: 11.992 Thread 0x0000020f439fc650 DEOPT PACKING pc=0x0000020f2ee94cac sp=0x000000b7845f6b00
Event: 11.992 Thread 0x0000020f439fc650 DEOPT UNPACKING pc=0x0000020f2e6669a3 sp=0x000000b7845f6ab8 mode 2

Classes unloaded (0 events):
No events

Classes redefined (0 events):
No events

Internal exceptions (20 events):
Event: 9.030 Thread 0x0000020f439fc650 Exception <a 'java/lang/NoSuchMethodError'{0x00000000831e86e0}: 'java.lang.Object java.lang.invoke.DirectMethodHandle$Holder.invokeSpecial(java.lang.Object, java.lang.Object, java.lang.Object, java.lang.Object, java.lang.Object, long)'> (0x00000000831e86e0) 
thrown [s\src\hotspot\share\interpreter\linkResolver.cpp, line 771]
Event: 9.031 Thread 0x0000020f439fc650 Exception <a 'java/lang/NoSuchMethodError'{0x000000008300d4b8}: 'void java.lang.invoke.DirectMethodHandle$Holder.invokeStatic(java.lang.Object, java.lang.Object, java.lang.Object, int, java.lang.Object)'> (0x000000008300d4b8) 
thrown [s\src\hotspot\share\interpreter\linkResolver.cpp, line 771]
Event: 9.828 Thread 0x0000020f439fc650 Exception <a 'java/lang/NoSuchMethodError'{0x0000000083891060}: 'java.lang.Object java.lang.invoke.DirectMethodHandle$Holder.newInvokeSpecial(java.lang.Object, java.lang.Object, java.lang.Object, java.lang.Object, int, java.lang.Object)'> (0x0000000083891060) 
thrown [s\src\hotspot\share\interpreter\linkResolver.cpp, line 771]
Event: 9.828 Thread 0x0000020f439fc650 Exception <a 'java/lang/NoSuchMethodError'{0x00000000838963b8}: 'java.lang.Object java.lang.invoke.Invokers$Holder.linkToTargetMethod(java.lang.Object, java.lang.Object, java.lang.Object, int, java.lang.Object, java.lang.Object)'> (0x00000000838963b8) 
thrown [s\src\hotspot\share\interpreter\linkResolver.cpp, line 771]
Event: 10.347 Thread 0x0000020f439fc650 Exception <a 'java/lang/NoSuchMethodError'{0x00000000835596c8}: 'long java.lang.invoke.DirectMethodHandle$Holder.invokeVirtual(java.lang.Object, java.lang.Object)'> (0x00000000835596c8) 
thrown [s\src\hotspot\share\interpreter\linkResolver.cpp, line 771]
Event: 10.350 Thread 0x0000020f43ba0730 Exception <a 'java/lang/NoSuchMethodError'{0x0000000083592838}: static Lorg/gradle/internal/build/event/types/DefaultOperationFinishedProgressEvent;.<clinit>()V> (0x0000000083592838) 
thrown [s\src\hotspot\share\prims\jni.cpp, line 1108]
Event: 10.360 Thread 0x0000020f43ba0730 Exception <a 'java/lang/NoSuchMethodError'{0x0000000087504860}: static Lorg/gradle/internal/build/event/types/DefaultProjectConfigurationSuccessResult;.<clinit>()V> (0x0000000087504860) 
thrown [s\src\hotspot\share\prims\jni.cpp, line 1108]
Event: 10.361 Thread 0x0000020f43ba0730 Exception <a 'java/lang/NoSuchMethodError'{0x000000008750fc38}: static Lorg/gradle/internal/build/event/types/AbstractProjectConfigurationResult;.<clinit>()V> (0x000000008750fc38) 
thrown [s\src\hotspot\share\prims\jni.cpp, line 1108]
Event: 10.362 Thread 0x0000020f43ba0730 Exception <a 'java/lang/NoSuchMethodError'{0x0000000087511380}: static Lorg/gradle/internal/build/event/types/AbstractOperationResult;.<clinit>()V> (0x0000000087511380) 
thrown [s\src\hotspot\share\prims\jni.cpp, line 1108]
Event: 10.362 Thread 0x0000020f43ba0730 Exception <a 'java/lang/NoSuchMethodError'{0x00000000875127f0}: static Lorg/gradle/internal/build/event/types/AbstractResult;.<clinit>()V> (0x00000000875127f0) 
thrown [s\src\hotspot\share\prims\jni.cpp, line 1108]
Event: 10.364 Thread 0x0000020f43ba0730 Exception <a 'java/lang/NoSuchMethodError'{0x00000000875552c0}: static Lorg/gradle/internal/build/event/types/DefaultPluginApplicationResult;.<clinit>()V> (0x00000000875552c0) 
thrown [s\src\hotspot\share\prims\jni.cpp, line 1108]
Event: 10.364 Thread 0x0000020f43ba0730 Exception <a 'java/lang/NoSuchMethodError'{0x00000000875679f0}: static Lorg/gradle/internal/build/event/types/DefaultBinaryPluginIdentifier;.<clinit>()V> (0x00000000875679f0) 
thrown [s\src\hotspot\share\prims\jni.cpp, line 1108]
Event: 10.367 Thread 0x0000020f43ba0730 Exception <a 'java/lang/NoSuchMethodError'{0x0000000087597ad0}: static Lorg/gradle/internal/build/event/types/DefaultScriptPluginIdentifier;.<clinit>()V> (0x0000000087597ad0) 
thrown [s\src\hotspot\share\prims\jni.cpp, line 1108]
Event: 10.435 Thread 0x0000020f439fc650 Implicit null exception at 0x0000020f2ee64592 to 0x0000020f2ee64c78
Event: 10.435 Thread 0x0000020f439fc650 Implicit null exception at 0x0000020f2ee74a14 to 0x0000020f2ee750d8
Event: 10.538 Thread 0x0000020f439fc650 Exception <a 'java/lang/NoSuchMethodError'{0x0000000085226780}: 'void java.lang.invoke.Invokers$Holder.invoke_MT(java.lang.Object, java.lang.Object, java.lang.Object, java.lang.Object)'> (0x0000000085226780) 
thrown [s\src\hotspot\share\interpreter\linkResolver.cpp, line 771]
Event: 10.545 Thread 0x0000020f439fc650 Exception <a 'java/lang/NoSuchMethodError'{0x00000000852a6a48}: 'java.lang.Object java.lang.invoke.DirectMethodHandle$Holder.invokeSpecial(java.lang.Object, java.lang.Object, java.lang.Object, int, java.lang.Object, java.lang.Object)'> (0x00000000852a6a48) 
thrown [s\src\hotspot\share\interpreter\linkResolver.cpp, line 771]
Event: 10.991 Thread 0x0000020f439fc650 Exception <a 'java/lang/ClassNotFoundException'{0x00000000848298e8}: sun/misc/SharedSecrets> (0x00000000848298e8) 
thrown [s\src\hotspot\share\classfile\systemDictionary.cpp, line 256]
Event: 10.991 Thread 0x0000020f439fc650 Exception <a 'java/lang/ClassNotFoundException'{0x000000008482aec0}: org/gradle/api/internal/plugins/DefaultObjectConfigurationActionBeanInfo> (0x000000008482aec0) 
thrown [s\src\hotspot\share\classfile\systemDictionary.cpp, line 256]
Event: 10.992 Thread 0x0000020f439fc650 Exception <a 'java/lang/ClassNotFoundException'{0x00000000848414c8}: org/gradle/api/internal/plugins/DefaultObjectConfigurationActionCustomizer> (0x00000000848414c8) 
thrown [s\src\hotspot\share\classfile\systemDictionary.cpp, line 256]

VM Operations (20 events):
Event: 10.448 Executing VM operation: G1TryInitiateConcMark done
Event: 10.468 Executing VM operation: G1PauseRemark
Event: 10.472 Executing VM operation: G1PauseRemark done
Event: 10.484 Executing VM operation: G1PauseCleanup
Event: 10.484 Executing VM operation: G1PauseCleanup done
Event: 11.484 Executing VM operation: G1CollectForAllocation
Event: 11.487 Executing VM operation: G1CollectForAllocation done
Event: 11.499 Executing VM operation: G1CollectForAllocation
Event: 11.501 Executing VM operation: G1CollectForAllocation done
Event: 11.726 Executing VM operation: G1CollectForAllocation
Event: 11.728 Executing VM operation: G1CollectForAllocation done
Event: 11.749 Executing VM operation: G1PauseRemark
Event: 11.751 Executing VM operation: G1PauseRemark done
Event: 11.763 Executing VM operation: G1PauseCleanup
Event: 11.763 Executing VM operation: G1PauseCleanup done
Event: 11.951 Executing VM operation: G1CollectForAllocation
Event: 11.954 Executing VM operation: G1CollectForAllocation done
Event: 11.994 Executing VM operation: G1CollectForAllocation
Event: 11.996 Executing VM operation: G1CollectForAllocation done
Event: 12.278 Executing VM operation: G1CollectForAllocation

Events (20 events):
Event: 12.191 loading class java/time/format/DateTimeFormatterBuilder$FractionPrinterParser
Event: 12.192 loading class java/time/format/DateTimeFormatterBuilder$FractionPrinterParser done
Event: 12.192 loading class java/time/format/DateTimeFormatterBuilder$ZoneIdPrinterParser
Event: 12.192 loading class java/time/format/DateTimeFormatterBuilder$ZoneIdPrinterParser done
Event: 12.192 loading class java/time/format/DateTimeFormatterBuilder$StringLiteralPrinterParser
Event: 12.192 loading class java/time/format/DateTimeFormatterBuilder$StringLiteralPrinterParser done
Event: 12.192 loading class java/time/format/DateTimeFormatterBuilder$InstantPrinterParser
Event: 12.192 loading class java/time/format/DateTimeFormatterBuilder$InstantPrinterParser done
Event: 12.192 loading class java/time/format/DateTimeTextProvider$LocaleStore
Event: 12.192 loading class java/time/format/DateTimeTextProvider$LocaleStore done
Event: 12.192 loading class java/time/format/DateTimeTextProvider
Event: 12.192 loading class java/time/format/DateTimeTextProvider done
Event: 12.193 loading class java/time/format/DateTimeTextProvider$1
Event: 12.193 loading class java/time/format/DateTimeTextProvider$1 done
Event: 12.193 loading class java/time/format/DateTimeFormatterBuilder$1
Event: 12.193 loading class java/time/format/DateTimeFormatterBuilder$1 done
Event: 12.193 loading class java/time/format/DateTimeFormatterBuilder$TextPrinterParser
Event: 12.193 loading class java/time/format/DateTimeFormatterBuilder$TextPrinterParser done
Event: 12.193 loading class java/util/concurrent/Executors$DefaultThreadFactory
Event: 12.194 loading class java/util/concurrent/Executors$DefaultThreadFactory done


Dynamic libraries:
0x00007ff74fa00000 - 0x00007ff74fa0a000 	C:\Program Files\Android\Android Studio\jbr\bin\java.exe
0x00007ffede3d0000 - 0x00007ffede5e7000 	C:\WINDOWS\SYSTEM32\ntdll.dll
0x00007ffedc7f0000 - 0x00007ffedc8b4000 	C:\WINDOWS\System32\KERNEL32.DLL
0x00007ffedb9e0000 - 0x00007ffedbd99000 	C:\WINDOWS\System32\KERNELBASE.dll
0x00007ffedb8c0000 - 0x00007ffedb9d1000 	C:\WINDOWS\System32\ucrtbase.dll
0x00007ffed6520000 - 0x00007ffed653b000 	C:\Program Files\Android\Android Studio\jbr\bin\VCRUNTIME140.dll
0x00007ffec8810000 - 0x00007ffec8827000 	C:\Program Files\Android\Android Studio\jbr\bin\jli.dll
0x00007ffedc960000 - 0x00007ffedcb0e000 	C:\WINDOWS\System32\USER32.dll
0x00007ffedb6d0000 - 0x00007ffedb6f6000 	C:\WINDOWS\System32\win32u.dll
0x00007ffede140000 - 0x00007ffede169000 	C:\WINDOWS\System32\GDI32.dll
0x00007ffedb7a0000 - 0x00007ffedb8bb000 	C:\WINDOWS\System32\gdi32full.dll
0x00007ffedb700000 - 0x00007ffedb79a000 	C:\WINDOWS\System32\msvcp_win.dll
0x00007ffebb9f0000 - 0x00007ffebbc82000 	C:\WINDOWS\WinSxS\amd64_microsoft.windows.common-controls_6595b64144ccf1df_6.0.22621.4391_none_2715d37f73803e96\COMCTL32.dll
0x00007ffedc390000 - 0x00007ffedc437000 	C:\WINDOWS\System32\msvcrt.dll
0x00007ffedc230000 - 0x00007ffedc261000 	C:\WINDOWS\System32\IMM32.DLL
0x00007ffed6d00000 - 0x00007ffed6d0c000 	C:\Program Files\Android\Android Studio\jbr\bin\vcruntime140_1.dll
0x00007ffe9a5a0000 - 0x00007ffe9a62d000 	C:\Program Files\Android\Android Studio\jbr\bin\msvcp140.dll
0x00007ffe420f0000 - 0x00007ffe42d73000 	C:\Program Files\Android\Android Studio\jbr\bin\server\jvm.dll
0x00007ffedc2d0000 - 0x00007ffedc382000 	C:\WINDOWS\System32\ADVAPI32.dll
0x00007ffedc180000 - 0x00007ffedc227000 	C:\WINDOWS\System32\sechost.dll
0x00007ffedbda0000 - 0x00007ffedbdc8000 	C:\WINDOWS\System32\bcrypt.dll
0x00007ffeddb70000 - 0x00007ffeddc84000 	C:\WINDOWS\System32\RPCRT4.dll
0x00007ffea38b0000 - 0x00007ffea38b9000 	C:\WINDOWS\SYSTEM32\WSOCK32.dll
0x00007ffed4360000 - 0x00007ffed4394000 	C:\WINDOWS\SYSTEM32\WINMM.dll
0x00007ffedb3f0000 - 0x00007ffedb43d000 	C:\WINDOWS\SYSTEM32\POWRPROF.dll
0x00007ffedc8e0000 - 0x00007ffedc951000 	C:\WINDOWS\System32\WS2_32.dll
0x00007ffed2300000 - 0x00007ffed230a000 	C:\WINDOWS\SYSTEM32\VERSION.dll
0x00007ffedb3a0000 - 0x00007ffedb3b3000 	C:\WINDOWS\SYSTEM32\UMPDC.dll
0x00007ffeda710000 - 0x00007ffeda728000 	C:\WINDOWS\SYSTEM32\kernel.appcore.dll
0x00007ffed6cd0000 - 0x00007ffed6cda000 	C:\Program Files\Android\Android Studio\jbr\bin\jimage.dll
0x00007ffed8f90000 - 0x00007ffed91c2000 	C:\WINDOWS\SYSTEM32\DBGHELP.DLL
0x00007ffedc460000 - 0x00007ffedc7ef000 	C:\WINDOWS\System32\combase.dll
0x00007ffeddc90000 - 0x00007ffeddd67000 	C:\WINDOWS\System32\OLEAUT32.dll
0x00007ffed2510000 - 0x00007ffed2542000 	C:\WINDOWS\SYSTEM32\dbgcore.DLL
0x00007ffedc000000 - 0x00007ffedc07b000 	C:\WINDOWS\System32\bcryptPrimitives.dll
0x00007ffec8c70000 - 0x00007ffec8c7e000 	C:\Program Files\Android\Android Studio\jbr\bin\instrument.dll
0x00007ffec82b0000 - 0x00007ffec82d5000 	C:\Program Files\Android\Android Studio\jbr\bin\java.dll
0x00007ffed6400000 - 0x00007ffed6418000 	C:\Program Files\Android\Android Studio\jbr\bin\zip.dll
0x00007ffedcc80000 - 0x00007ffedd4f6000 	C:\WINDOWS\System32\SHELL32.dll
0x00007ffed9610000 - 0x00007ffed9f13000 	C:\WINDOWS\SYSTEM32\windows.storage.dll
0x00007ffed94d0000 - 0x00007ffed960f000 	C:\WINDOWS\SYSTEM32\wintypes.dll
0x00007ffedcb80000 - 0x00007ffedcc79000 	C:\WINDOWS\System32\SHCORE.dll
0x00007ffeddb10000 - 0x00007ffeddb6e000 	C:\WINDOWS\System32\shlwapi.dll
0x00007ffedb600000 - 0x00007ffedb62b000 	C:\WINDOWS\SYSTEM32\profapi.dll
0x00007ffec9490000 - 0x00007ffec94a9000 	C:\Program Files\Android\Android Studio\jbr\bin\net.dll
0x00007ffed6ff0000 - 0x00007ffed7126000 	C:\WINDOWS\SYSTEM32\WINHTTP.dll
0x00007ffedab90000 - 0x00007ffedabf9000 	C:\WINDOWS\system32\mswsock.dll
0x00007ffec1380000 - 0x00007ffec1396000 	C:\Program Files\Android\Android Studio\jbr\bin\nio.dll
0x00007ffed6680000 - 0x00007ffed6690000 	C:\Program Files\Android\Android Studio\jbr\bin\verify.dll
0x00007ffeb6870000 - 0x00007ffeb6897000 	C:\Users\jonna\.gradle\native\c067742578af261105cb4f569cf0c3c89f3d7b1fecec35dd04571415982c5e48\windows-amd64\native-platform.dll
0x00007ffe8fc10000 - 0x00007ffe8fd54000 	C:\Users\jonna\.gradle\native\38dada09dfb8b06ba9b0570ebf7e218e3eb74d4ef43ca46872605cf95ebc2f47\windows-amd64\native-platform-file-events.dll
0x00007ffecbde0000 - 0x00007ffecbde9000 	C:\Program Files\Android\Android Studio\jbr\bin\management.dll
0x00007ffec9ab0000 - 0x00007ffec9abb000 	C:\Program Files\Android\Android Studio\jbr\bin\management_ext.dll
0x00007ffedcb10000 - 0x00007ffedcb18000 	C:\WINDOWS\System32\PSAPI.DLL
0x00007ffedade0000 - 0x00007ffedadfb000 	C:\WINDOWS\SYSTEM32\CRYPTSP.dll
0x00007ffeda670000 - 0x00007ffeda6a5000 	C:\WINDOWS\system32\rsaenh.dll
0x00007ffedac80000 - 0x00007ffedaca8000 	C:\WINDOWS\SYSTEM32\USERENV.dll
0x00007ffedae00000 - 0x00007ffedae0c000 	C:\WINDOWS\SYSTEM32\CRYPTBASE.dll
0x00007ffeda180000 - 0x00007ffeda1ad000 	C:\WINDOWS\SYSTEM32\IPHLPAPI.DLL
0x00007ffedd500000 - 0x00007ffedd509000 	C:\WINDOWS\System32\NSI.dll
0x00007ffed6d60000 - 0x00007ffed6d79000 	C:\WINDOWS\SYSTEM32\dhcpcsvc6.DLL
0x00007ffed6d10000 - 0x00007ffed6d2f000 	C:\WINDOWS\SYSTEM32\dhcpcsvc.DLL
0x00007ffeda1b0000 - 0x00007ffeda2b2000 	C:\WINDOWS\SYSTEM32\DNSAPI.dll
0x00007ffecf1b0000 - 0x00007ffecf1b9000 	C:\Program Files\Android\Android Studio\jbr\bin\extnet.dll
0x00007ffebeb50000 - 0x00007ffebeb58000 	C:\WINDOWS\system32\wshunix.dll

dbghelp: loaded successfully - version: 4.0.5 - missing functions: none
symbol engine: initialized successfully - sym options: 0x614 - pdb path: .;C:\Program Files\Android\Android Studio\jbr\bin;C:\WINDOWS\SYSTEM32;C:\WINDOWS\WinSxS\amd64_microsoft.windows.common-controls_6595b64144ccf1df_6.0.22621.4391_none_2715d37f73803e96;C:\Program Files\Android\Android Studio\jbr\bin\server;C:\Users\jonna\.gradle\native\c067742578af261105cb4f569cf0c3c89f3d7b1fecec35dd04571415982c5e48\windows-amd64;C:\Users\jonna\.gradle\native\38dada09dfb8b06ba9b0570ebf7e218e3eb74d4ef43ca46872605cf95ebc2f47\windows-amd64

VM Arguments:
jvm_args: --add-opens=java.base/java.util=ALL-UNNAMED --add-opens=java.base/java.lang=ALL-UNNAMED --add-opens=java.base/java.lang.invoke=ALL-UNNAMED --add-opens=java.prefs/java.util.prefs=ALL-UNNAMED --add-opens=java.base/java.nio.charset=ALL-UNNAMED --add-opens=java.base/java.net=ALL-UNNAMED --add-opens=java.base/java.util.concurrent.atomic=ALL-UNNAMED -Xmx2048m -Dfile.encoding=UTF-8 -Duser.country=MX -Duser.language=es -Duser.variant -javaagent:C:\Users\jonna\.gradle\wrapper\dists\gradle-8.7-bin\bhs2wmbdwecv87pi65oeuq5iu\gradle-8.7\lib\agents\gradle-instrumentation-agent-8.7.jar 
java_command: org.gradle.launcher.daemon.bootstrap.GradleDaemon 8.7
java_class_path (initial): C:\Users\jonna\.gradle\wrapper\dists\gradle-8.7-bin\bhs2wmbdwecv87pi65oeuq5iu\gradle-8.7\lib\gradle-launcher-8.7.jar
Launcher Type: SUN_STANDARD

[Global flags]
     intx CICompilerCount                          = 3                                         {product} {ergonomic}
     uint ConcGCThreads                            = 2                                         {product} {ergonomic}
     uint G1ConcRefinementThreads                  = 6                                         {product} {ergonomic}
   size_t G1HeapRegionSize                         = 1048576                                   {product} {ergonomic}
    uintx GCDrainStackTargetSize                   = 64                                        {product} {ergonomic}
   size_t InitialHeapSize                          = 123731968                                 {product} {ergonomic}
   size_t MarkStackSize                            = 4194304                                   {product} {ergonomic}
   size_t MaxHeapSize                              = 2147483648                                {product} {command line}
   size_t MaxNewSize                               = 1287651328                                {product} {ergonomic}
   size_t MinHeapDeltaBytes                        = 1048576                                   {product} {ergonomic}
   size_t MinHeapSize                              = 8388608                                   {product} {ergonomic}
    uintx NonNMethodCodeHeapSize                   = 5832780                                {pd product} {ergonomic}
    uintx NonProfiledCodeHeapSize                  = 122912730                              {pd product} {ergonomic}
    uintx ProfiledCodeHeapSize                     = 122912730                              {pd product} {ergonomic}
    uintx ReservedCodeCacheSize                    = 251658240                              {pd product} {ergonomic}
     bool SegmentedCodeCache                       = true                                      {product} {ergonomic}
   size_t SoftMaxHeapSize                          = 2147483648                             {manageable} {ergonomic}
     bool UseCompressedClassPointers               = true                           {product lp64_product} {ergonomic}
     bool UseCompressedOops                        = true                           {product lp64_product} {ergonomic}
     bool UseG1GC                                  = true                                      {product} {ergonomic}
     bool UseLargePagesIndividualAllocation        = false                                  {pd product} {ergonomic}

Logging:
Log output configuration:
 #0: stdout all=warning uptime,level,tags
 #1: stderr all=off uptime,level,tags

Environment Variables:
PATH=C:\Program Files\Common Files\Oracle\Java\javapath;C:\Python312\Scripts\;C:\Python312\;C:\Program Files (x86)\Common Files\Oracle\Java\javapath;C:\WINDOWS\system32;C:\WINDOWS;C:\WINDOWS\System32\Wbem;C:\WINDOWS\System32\WindowsPowerShell\v1.0\;C:\WINDOWS\System32\OpenSSH\;C:\Program Files\Git\cmd;C:\Program Files\nodejs\;C:\ProgramData\chocolatey\bin;C:\Program Files\PuTTY\;C:\Users\jonna\AppData\Local\Programs\Python\Python311\Scripts\;C:\Users\jonna\AppData\Local\Programs\Python\Python311\;C:\Users\jonna\AppData\Local\Microsoft\WindowsApps;;C:\Users\jonna\AppData\Local\Programs\Microsoft VS Code\bin;C:\Users\jonna\AppData\Roaming\npm
USERNAME=jonna
OS=Windows_NT
PROCESSOR_IDENTIFIER=AMD64 Family 23 Model 96 Stepping 1, AuthenticAMD
TMP=C:\Users\jonna\AppData\Local\Temp
TEMP=C:\Users\jonna\AppData\Local\Temp



Periodic native trim disabled

JNI global refs:
JNI global refs: 25, weak refs: 1

JNI global refs memory usage: 843, weak refs: 841

OOME stack traces (most recent first):
Classloader memory used:
Loader org.gradle.internal.classloader.VisitableURLClassLoader                         : 3557K
Loader bootstrap                                                                       : 2501K
Loader org.gradle.initialization.MixInLegacyTypesClassLoader                           : 1103K
Loader org.gradle.internal.classloader.VisitableURLClassLoader$InstrumentingVisitableURLClassLoader: 626K
Loader jdk.internal.loader.ClassLoaders$PlatformClassLoader                            : 69092B
Loader jdk.internal.reflect.DelegatingClassLoader                                      : 29542B
Loader jdk.internal.loader.ClassLoaders$AppClassLoader                                 : 28764B
Loader org.gradle.internal.classloader.VisitableURLClassLoader                         : 15809B

Classes loaded by more than one classloader:
Class Program                                                                         : loaded 4 times (x 72B)
Class com.google.common.collect.Iterators$MergingIterator                             : loaded 2 times (x 79B)
Class [Lcom.google.common.collect.AbstractMapEntry;                                   : loaded 2 times (x 67B)
Class com.google.common.collect.SingletonImmutableList                                : loaded 2 times (x 167B)
Class com.google.common.cache.CacheLoader$SupplierToCacheLoader                       : loaded 2 times (x 73B)
Class org.gradle.internal.classpath.ClassPath                                         : loaded 2 times (x 68B)
Class com.google.common.cache.RemovalListener                                         : loaded 2 times (x 68B)
Class org.gradle.api.internal.classpath.DefaultModuleRegistry                         : loaded 2 times (x 84B)
Class Settings_gradle$1$1                                                             : loaded 2 times (x 72B)
Class com.google.common.collect.ListMultimap                                          : loaded 2 times (x 68B)
Class com.google.common.base.CharMatcher$JavaDigit                                    : loaded 2 times (x 109B)
Class com.google.common.base.CharMatcher$Digit                                        : loaded 2 times (x 110B)
Class com.google.common.collect.AbstractMultimap                                      : loaded 2 times (x 121B)
Class com.google.common.cache.CacheBuilder$OneWeigher                                 : loaded 2 times (x 80B)
Class org.gradle.api.Action                                                           : loaded 2 times (x 68B)
Class com.google.common.collect.ImmutableEntry                                        : loaded 2 times (x 80B)
Class com.google.common.collect.Lists$StringAsImmutableList                           : loaded 2 times (x 167B)
Class com.google.common.base.CharMatcher                                              : loaded 2 times (x 109B)
Class com.google.common.base.CharMatcher$IsNot                                        : loaded 2 times (x 109B)
Class com.google.common.base.Splitter                                                 : loaded 2 times (x 70B)
Class [Lcom.google.common.cache.Weigher;                                              : loaded 2 times (x 67B)
Class com.google.common.collect.Iterators$ArrayItr                                    : loaded 2 times (x 95B)
Class com.google.common.cache.LocalCache$Segment                                      : loaded 2 times (x 152B)
Class org.gradle.api.internal.DefaultClassPathProvider                                : loaded 2 times (x 74B)
Class org.gradle.internal.installation.GradleInstallation$1                           : loaded 2 times (x 73B)
Class com.google.common.base.CharMatcher$BitSetMatcher                                : loaded 2 times (x 110B)
Class com.google.common.collect.ImmutableMap$IteratorBasedImmutableMap                : loaded 2 times (x 123B)
Class com.google.common.collect.ImmutableMap                                          : loaded 2 times (x 118B)
Class com.google.common.base.Converter                                                : loaded 2 times (x 88B)
Class com.google.common.collect.ImmutableSet$EmptySetBuilderImpl                      : loaded 2 times (x 74B)
Class com.google.common.base.Equivalence                                              : loaded 2 times (x 80B)
Class com.google.common.cache.LocalCache$EntryFactory$1                               : loaded 2 times (x 81B)
Class com.google.common.cache.LocalCache$EntryFactory$2                               : loaded 2 times (x 81B)
Class com.google.common.cache.LocalCache$EntryFactory$3                               : loaded 2 times (x 81B)
Class com.google.common.cache.LocalCache$EntryFactory$4                               : loaded 2 times (x 81B)
Class com.google.common.cache.LocalCache$EntryFactory$5                               : loaded 2 times (x 81B)
Class com.google.common.cache.LocalCache$EntryFactory$6                               : loaded 2 times (x 81B)
Class com.google.common.cache.LocalCache$EntryFactory$7                               : loaded 2 times (x 81B)
Class com.google.common.cache.LocalCache$EntryFactory$8                               : loaded 2 times (x 81B)
Class com.google.common.base.Predicate                                                : loaded 2 times (x 68B)
Class org.gradle.internal.classloader.FilteringClassLoader                            : loaded 2 times (x 103B)
Class com.google.common.collect.RegularImmutableSet                                   : loaded 2 times (x 146B)
Class [Lcom.google.common.cache.LocalCache$Strength;                                  : loaded 2 times (x 67B)
Class org.gradle.internal.classpath.DefaultClassPath$ImmutableUniqueList$Builder      : loaded 2 times (x 73B)
Class com.google.common.collect.Maps$8                                                : loaded 2 times (x 80B)
Class [Lcom.google.common.cache.CacheBuilder$NullListener;                            : loaded 2 times (x 67B)
Class com.google.common.base.PatternCompiler                                          : loaded 2 times (x 68B)
Class com.google.common.base.CharMatcher$InRange                                      : loaded 2 times (x 109B)
Class com.google.common.collect.BiMap                                                 : loaded 2 times (x 68B)
Class com.google.common.collect.Lists                                                 : loaded 2 times (x 69B)
Class com.google.common.math.IntMath$1                                                : loaded 2 times (x 69B)
Class org.gradle.internal.classloader.ClassLoaderVisitor                              : loaded 2 times (x 74B)
Class com.google.common.cache.CacheBuilder$NullListener                               : loaded 2 times (x 80B)
Class com.google.common.math.MathPreconditions                                        : loaded 2 times (x 69B)
Class org.gradle.internal.service.DefaultServiceLocator                               : loaded 2 times (x 81B)
Class org.gradle.internal.service.UnknownServiceException                             : loaded 2 times (x 81B)
Class com.google.common.collect.ArrayListMultimap                                     : loaded 2 times (x 170B)
Class com.google.common.base.Strings                                                  : loaded 2 times (x 69B)
Class com.google.common.cache.CacheLoader$InvalidCacheLoadException                   : loaded 2 times (x 80B)
Class org.gradle.internal.classloader.DefaultClassLoaderFactory                       : loaded 2 times (x 80B)
Class com.google.common.collect.UnmodifiableIterator                                  : loaded 2 times (x 78B)
Class com.google.common.base.Platform$JdkPatternCompiler                              : loaded 2 times (x 73B)
Class com.google.common.cache.LocalCache$LoadingValueReference                        : loaded 2 times (x 94B)
Class com.google.common.base.CharMatcher$SingleWidth                                  : loaded 2 times (x 110B)
Class com.google.common.collect.Hashing                                               : loaded 2 times (x 69B)
Class com.google.common.base.JdkPattern                                               : loaded 2 times (x 73B)
Class com.google.common.collect.Multimap                                              : loaded 2 times (x 68B)
Class com.google.common.base.FunctionalEquivalence                                    : loaded 2 times (x 81B)
Class com.google.common.cache.LocalCache$1                                            : loaded 2 times (x 87B)
Class com.google.common.cache.LocalCache$2                                            : loaded 2 times (x 140B)
Class org.gradle.internal.classloader.VisitableURLClassLoader$Spec                    : loaded 2 times (x 72B)
Class org.gradle.api.GradleException                                                  : loaded 2 times (x 80B)
Class com.google.common.base.CharMatcher$JavaLetterOrDigit                            : loaded 2 times (x 109B)
Class org.gradle.api.internal.classpath.ModuleRegistry                                : loaded 2 times (x 68B)
Class com.google.common.cache.CacheBuilder                                            : loaded 2 times (x 70B)
Class com.google.common.collect.ImmutableCollection                                   : loaded 2 times (x 123B)
Class com.google.common.base.PairwiseEquivalence                                      : loaded 2 times (x 81B)
Class com.google.common.base.Ticker                                                   : loaded 2 times (x 70B)
Class org.gradle.api.internal.ClassPathProvider                                       : loaded 2 times (x 68B)
Class com.google.common.collect.RegularImmutableMap$Values                            : loaded 2 times (x 167B)
Class org.gradle.internal.classloader.ClasspathUtil$1                                 : loaded 2 times (x 74B)
Class com.google.common.collect.ImmutableEnumMap                                      : loaded 2 times (x 123B)
Class com.google.common.collect.ImmutableList$ReverseImmutableList                    : loaded 2 times (x 168B)
Class com.google.common.cache.AbstractCache$StatsCounter                              : loaded 2 times (x 68B)
Class com.google.common.cache.LocalCache$Strength$1                                   : loaded 2 times (x 79B)
Class com.google.common.cache.LocalCache$Strength$2                                   : loaded 2 times (x 79B)
Class com.google.common.cache.LocalCache$Strength$3                                   : loaded 2 times (x 79B)
Class org.gradle.internal.classloader.ClassLoaderFactory                              : loaded 2 times (x 68B)
Class com.google.common.collect.ObjectArrays                                          : loaded 2 times (x 69B)
Class com.google.common.collect.Iterators$10                                          : loaded 2 times (x 79B)
Class com.google.common.collect.ImmutableList                                         : loaded 2 times (x 166B)
Class org.gradle.api.internal.classpath.ManifestUtil                                  : loaded 2 times (x 69B)
Class org.gradle.api.specs.Spec                                                       : loaded 2 times (x 68B)
Class com.google.common.cache.CacheLoader$UnsupportedLoadingOperationException        : loaded 2 times (x 80B)
Class com.google.common.base.CharMatcher$Whitespace                                   : loaded 2 times (x 110B)
Class com.google.common.collect.Iterators$1                                           : loaded 2 times (x 79B)
Class com.google.common.collect.Iterators$4                                           : loaded 2 times (x 80B)
Class com.google.common.collect.RegularImmutableMap$BucketOverflowException           : loaded 2 times (x 80B)
Class com.google.common.collect.Iterators$5                                           : loaded 2 times (x 80B)
Class com.google.common.base.Equivalence$Equals                                       : loaded 2 times (x 80B)
Class com.google.common.base.Preconditions                                            : loaded 2 times (x 69B)
Class com.google.common.base.Function                                                 : loaded 2 times (x 68B)
Class com.google.common.collect.Iterators$9                                           : loaded 2 times (x 79B)
Class org.gradle.internal.IoActions                                                   : loaded 2 times (x 69B)
Class com.google.common.cache.ReferenceEntry                                          : loaded 2 times (x 68B)
Class com.google.common.collect.RegularImmutableMap$KeySet                            : loaded 2 times (x 148B)
Class com.google.common.collect.CollectPreconditions                                  : loaded 2 times (x 69B)
Class com.google.common.collect.Maps                                                  : loaded 2 times (x 69B)
Class com.google.common.collect.RegularImmutableMap                                   : loaded 2 times (x 119B)
Class com.google.common.collect.AbstractIndexedListIterator                           : loaded 2 times (x 94B)
Class com.google.common.base.CharMatcher$None                                         : loaded 2 times (x 110B)
Class org.gradle.api.internal.classpath.EffectiveClassPath                            : loaded 2 times (x 88B)
Class com.google.common.collect.UnmodifiableListIterator                              : loaded 2 times (x 93B)
Class com.google.common.cache.CacheLoader$FunctionToCacheLoader                       : loaded 2 times (x 73B)
Class com.google.common.cache.CacheBuilder$1                                          : loaded 2 times (x 83B)
Class com.google.common.cache.CacheBuilder$2                                          : loaded 2 times (x 70B)
Class com.google.common.collect.ImmutableList$1                                       : loaded 2 times (x 95B)
Class com.google.common.base.Splitter$Strategy                                        : loaded 2 times (x 68B)
Class com.google.common.collect.ImmutableMapEntrySet$RegularEntrySet                  : loaded 2 times (x 149B)
Class [Lcom.google.common.cache.RemovalListener;                                      : loaded 2 times (x 67B)
Class [Lcom.google.common.collect.ImmutableMapEntry;                                  : loaded 2 times (x 67B)
Class org.gradle.internal.installation.CurrentGradleInstallation                      : loaded 2 times (x 71B)
Class org.gradle.internal.agents.InstrumentingClassLoader                             : loaded 2 times (x 68B)
Class org.gradle.internal.installation.CurrentGradleInstallationLocator               : loaded 2 times (x 69B)
Class [Lcom.google.common.cache.LocalCache$Segment;                                   : loaded 2 times (x 67B)
Class org.gradle.api.internal.classpath.Module                                        : loaded 2 times (x 68B)
Class com.google.common.base.Splitter$1$1                                             : loaded 2 times (x 84B)
Class com.google.common.collect.ImmutableSet$JdkBackedSetBuilderImpl                  : loaded 2 times (x 74B)
Class com.google.common.collect.ImmutableSet$RegularSetBuilderImpl                    : loaded 2 times (x 75B)
Class org.gradle.internal.service.CachingServiceLocator                               : loaded 2 times (x 80B)
Class [Lcom.google.common.collect.ImmutableEntry;                                     : loaded 2 times (x 67B)
Class org.gradle.internal.classpath.DefaultClassPath                                  : loaded 2 times (x 88B)
Class com.google.common.base.Splitter$SplittingIterator                               : loaded 2 times (x 82B)
Class com.google.common.cache.LocalCache$LocalManualCache$1                           : loaded 2 times (x 73B)
Class Build_gradle$1                                                                  : loaded 2 times (x 76B)
Class [Lcom.google.common.cache.LocalCache$EntryFactory;                              : loaded 2 times (x 67B)
Class com.google.common.base.CharMatcher$Is                                           : loaded 2 times (x 109B)
Class com.google.common.base.Platform                                                 : loaded 2 times (x 69B)
Class com.google.common.collect.RegularImmutableAsList                                : loaded 2 times (x 176B)
Class com.google.common.collect.PeekingIterator                                       : loaded 2 times (x 68B)
Class com.google.common.collect.ImmutableMapEntrySet                                  : loaded 2 times (x 149B)
Class com.google.common.cache.CacheLoader                                             : loaded 2 times (x 72B)
Class com.google.common.collect.ImmutableBiMapFauxverideShim                          : loaded 2 times (x 118B)
Class com.google.common.cache.Cache                                                   : loaded 2 times (x 68B)
Class org.gradle.internal.classloader.SystemClassLoaderSpec                           : loaded 2 times (x 69B)
Class com.google.common.collect.SingletonImmutableSet                                 : loaded 2 times (x 144B)
Class [Lcom.google.common.base.AbstractIterator$State;                                : loaded 2 times (x 67B)
Class com.google.common.collect.ImmutableMap$Builder                                  : loaded 2 times (x 80B)
Class com.google.common.base.AbstractIterator                                         : loaded 2 times (x 78B)
Class com.google.common.base.AbstractIterator$1                                       : loaded 2 times (x 69B)
Class [Lcom.google.common.cache.CacheBuilder$OneWeigher;                              : loaded 2 times (x 67B)
Class com.google.common.collect.Iterators                                             : loaded 2 times (x 69B)
Class com.google.common.base.CharMatcher$1                                            : loaded 2 times (x 111B)
Class com.google.common.base.CharMatcher$Ascii                                        : loaded 2 times (x 110B)
Class com.google.common.cache.LocalCache$ComputingValueReference                      : loaded 2 times (x 94B)
Class org.gradle.api.UncheckedIOException                                             : loaded 2 times (x 80B)
Class com.google.common.base.CharMatcher$And                                          : loaded 2 times (x 110B)
Class com.google.common.collect.IndexedImmutableSet                                   : loaded 2 times (x 148B)
Class com.google.common.collect.AbstractListMultimap                                  : loaded 2 times (x 170B)
Class com.google.common.base.CharMatcher$Any                                          : loaded 2 times (x 110B)
Class org.gradle.internal.installation.GradleInstallation                             : loaded 2 times (x 73B)
Class com.google.common.cache.LocalCache$Strength                                     : loaded 2 times (x 79B)
Class com.google.common.collect.ArrayListMultimapGwtSerializationDependencies         : loaded 2 times (x 170B)
Class com.google.common.base.CharMatcher$RangesMatcher                                : loaded 2 times (x 110B)
Class com.google.common.collect.ImmutableList$SubList                                 : loaded 2 times (x 168B)
Class com.google.common.cache.LocalCache$ValueReference                               : loaded 2 times (x 68B)
Class org.gradle.internal.classloader.ClasspathUtil                                   : loaded 2 times (x 69B)
Class com.google.common.base.Splitter$1                                               : loaded 2 times (x 75B)
Class com.google.common.base.Ticker$1                                                 : loaded 2 times (x 70B)
Class com.google.common.collect.Maps$BiMapConverter                                   : loaded 2 times (x 88B)
Class org.gradle.api.internal.DefaultClassPathRegistry                                : loaded 2 times (x 74B)
Class com.google.common.collect.ImmutableSet$SetBuilderImpl                           : loaded 2 times (x 74B)
Class org.gradle.api.internal.classpath.DefaultModuleRegistry$DefaultModule           : loaded 2 times (x 84B)
Class com.google.common.base.CharMatcher$JavaIsoControl                               : loaded 2 times (x 110B)
Class com.google.common.collect.ImmutableMap$1                                        : loaded 2 times (x 79B)
Class com.google.common.base.CharMatcher$Or                                           : loaded 2 times (x 110B)
Class org.gradle.kotlin.dsl.VersionCatalogAccessorsKt                                 : loaded 2 times (x 69B)
Class com.google.common.base.Suppliers$SupplierOfInstance                             : loaded 2 times (x 77B)
Class com.google.common.collect.Iterables                                             : loaded 2 times (x 69B)
Class com.google.common.base.CharMatcher$JavaLowerCase                                : loaded 2 times (x 109B)
Class org.gradle.api.internal.classpath.UnknownModuleException                        : loaded 2 times (x 80B)
Class com.google.common.collect.Maps$EntryTransformer                                 : loaded 2 times (x 68B)
Class com.google.common.collect.ImmutableCollection$Builder                           : loaded 2 times (x 74B)
Class com.google.common.base.CommonPattern                                            : loaded 2 times (x 72B)
Class com.google.common.base.Suppliers                                                : loaded 2 times (x 69B)
Class com.google.common.cache.LoadingCache                                            : loaded 2 times (x 68B)
Class org.gradle.internal.service.ServiceLookupException                              : loaded 2 times (x 80B)
Class org.gradle.cache.GlobalCache                                                    : loaded 2 times (x 68B)
Class com.google.common.base.CharMatcher$NegatedFastMatcher                           : loaded 2 times (x 111B)
Class [Lorg.gradle.api.internal.ClassPathProvider;                                    : loaded 2 times (x 67B)
Class org.gradle.util.internal.GUtil                                                  : loaded 2 times (x 69B)
Class com.google.common.math.IntMath                                                  : loaded 2 times (x 69B)
Class com.google.common.collect.AbstractIterator                                      : loaded 2 times (x 80B)
Class org.gradle.internal.classloader.ClassLoaderSpec                                 : loaded 2 times (x 69B)
Class com.google.common.base.NullnessCasts                                            : loaded 2 times (x 69B)
Class com.google.common.cache.LocalCache$LocalManualCache                             : loaded 2 times (x 97B)
Class com.google.common.collect.AbstractMapEntry                                      : loaded 2 times (x 79B)
Class com.google.common.base.CharMatcher$Negated                                      : loaded 2 times (x 111B)
Class com.google.common.cache.CacheLoader$1                                           : loaded 2 times (x 73B)
Class com.google.common.collect.ImmutableSet$Builder                                  : loaded 2 times (x 83B)
Class com.google.common.base.CharMatcher$ForPredicate                                 : loaded 2 times (x 110B)
Class com.google.common.collect.ImmutableMap$MapViewOfValuesAsSingletonSets           : loaded 2 times (x 123B)
Class com.google.common.base.MoreObjects                                              : loaded 2 times (x 69B)
Class com.google.common.collect.SortedMapDifference                                   : loaded 2 times (x 68B)
Class com.google.common.cache.CacheStats                                              : loaded 2 times (x 69B)
Class org.gradle.internal.classloader.VisitableURLClassLoader                         : loaded 2 times (x 115B)
Class com.google.common.cache.LocalCache$LocalLoadingCache                            : loaded 2 times (x 132B)
Class com.google.common.base.Supplier                                                 : loaded 2 times (x 68B)
Class com.google.common.collect.ImmutableBiMap                                        : loaded 2 times (x 141B)
Class org.gradle.internal.Cast                                                        : loaded 2 times (x 69B)
Class Build_gradle                                                                    : loaded 2 times (x 70B)
Class org.gradle.api.internal.ClassPathRegistry                                       : loaded 2 times (x 68B)
Class com.google.common.cache.LocalCache$EntryFactory                                 : loaded 2 times (x 81B)
Class com.google.common.util.concurrent.UncheckedExecutionException                   : loaded 2 times (x 80B)
Class com.google.common.collect.ImmutableSet                                          : loaded 2 times (x 143B)
Class org.gradle.internal.classloader.VisitableURLClassLoader$InstrumentingVisitableURLClassLoader: loaded 2 times (x 121B)
Class org.gradle.internal.classloader.ClassLoaderHierarchy                            : loaded 2 times (x 68B)
Class com.google.common.base.AbstractIterator$State                                   : loaded 2 times (x 77B)
Class com.google.common.cache.Weigher                                                 : loaded 2 times (x 68B)
Class com.google.common.base.CharMatcher$NamedFastMatcher                             : loaded 2 times (x 110B)
Class org.gradle.internal.InternalTransformer                                         : loaded 2 times (x 68B)
Class org.gradle.internal.service.ServiceLocator                                      : loaded 2 times (x 68B)
Class Settings_gradle$1                                                               : loaded 2 times (x 72B)
Class com.google.common.collect.ImmutableMapEntry                                     : loaded 2 times (x 83B)
Class com.google.common.base.CharMatcher$Invisible                                    : loaded 2 times (x 110B)
Class com.google.common.base.CharMatcher$FastMatcher                                  : loaded 2 times (x 109B)
Class org.gradle.internal.classpath.DefaultClassPath$ImmutableUniqueList              : loaded 2 times (x 159B)
Class com.google.common.base.CharMatcher$JavaLetter                                   : loaded 2 times (x 109B)
Class org.gradle.internal.classpath.TransformedClassPath                              : loaded 2 times (x 94B)
Class com.google.common.collect.MapDifference                                         : loaded 2 times (x 68B)
Class Settings_gradle                                                                 : loaded 2 times (x 126B)
Class com.google.common.collect.Platform                                              : loaded 2 times (x 69B)
Class com.google.common.collect.ImmutableAsList                                       : loaded 2 times (x 169B)
Class com.google.common.util.concurrent.ExecutionError                                : loaded 2 times (x 80B)
Class com.google.common.base.Equivalence$Identity                                     : loaded 2 times (x 80B)
Class com.google.common.base.CharMatcher$AnyOf                                        : loaded 2 times (x 110B)
Class com.google.common.base.CharMatcher$IsEither                                     : loaded 2 times (x 109B)
Class com.google.common.cache.LocalCache                                              : loaded 2 times (x 185B)
Class com.google.common.collect.RegularImmutableList                                  : loaded 2 times (x 172B)
Class com.google.common.base.CharMatcher$JavaUpperCase                                : loaded 2 times (x 109B)
Class com.google.common.collect.Multiset                                              : loaded 2 times (x 68B)
Class com.google.common.collect.ImmutableSet$CachingAsList                            : loaded 2 times (x 145B)
Class com.google.common.collect.ImmutableMapEntry$NonTerminalImmutableMapEntry        : loaded 2 times (x 83B)
Class com.google.common.collect.AbstractMapBasedMultimap                              : loaded 2 times (x 137B)


---------------  S Y S T E M  ---------------

OS:
 Windows 11 , 64 bit Build 22621 (10.0.22621.4391)
OS uptime: 14 days 18:55 hours

CPU: total 6 (initial active 6) (6 cores per cpu, 1 threads per core) family 23 model 96 stepping 1 microcode 0x0, cx8, cmov, fxsr, mmx, 3dnowpref, sse, sse2, sse3, ssse3, sse4a, sse4.1, sse4.2, popcnt, lzcnt, tsc, tscinvbit, avx, avx2, aes, clmul, bmi1, bmi2, adx, sha, fma, vzeroupper, clflush, clflushopt
Processor Information for all 6 processors :
  Max Mhz: 2375, Current Mhz: 2375, Mhz Limit: 2375

Memory: 4k page, system-wide physical 7541M (1159M free)
TotalPageFile size 31093M (AvailPageFile size 45M)
current process WorkingSet (physical memory assigned to process): 269M, peak: 269M
current process commit charge ("private bytes"): 324M, peak: 395M

vm_info: OpenJDK 64-Bit Server VM (17.0.10+0--11572160) for windows-amd64 JRE (17.0.10+0--11572160), built on Mar 13 2024 23:56:38 by "androidbuild" with MS VC++ 16.10 / 16.11 (VS2019)

END.
